11:17:57:223  INFO 18096 --- [main] com.heima.pay.PayallApplication          : The following 1 profile is active: "dev"
11:17:58:250  INFO 18096 --- [main] .s.d.r.c.RepositoryConfigurationDelegate : Multiple Spring Data modules found, entering strict repository configuration mode
11:17:58:254  INFO 18096 --- [main] .s.d.r.c.RepositoryConfigurationDelegate : Bootstrapping Spring Data Redis repositories in DEFAULT mode.
11:17:58:290  INFO 18096 --- [main] .s.d.r.c.RepositoryConfigurationDelegate : Finished Spring Data repository scanning in 11 ms. Found 0 Redis repository interfaces.
11:17:58:682  INFO 18096 --- [main] o.s.cloud.context.scope.GenericScope     : BeanFactory id=e332f992-9c51-3f40-9486-a25bd4085fe9
11:17:59:259  INFO 18096 --- [main] o.s.b.w.embedded.tomcat.TomcatWebServer  : Tomcat initialized with port(s): 8086 (http)
11:17:59:259  INFO 18096 --- [main] o.a.catalina.core.AprLifecycleListener   : Loaded Apache Tomcat Native library [2.0.7] using APR version [1.7.4].
11:17:59:259  INFO 18096 --- [main] o.a.catalina.core.AprLifecycleListener   : APR capabilities: IPv6 [true], sendfile [true], accept filters [false], random [true], UDS [true].
11:17:59:259  INFO 18096 --- [main] o.a.catalina.core.AprLifecycleListener   : APR/OpenSSL configuration: useAprConnector [false], useOpenSSL [true]
11:17:59:276  INFO 18096 --- [main] o.a.catalina.core.AprLifecycleListener   : OpenSSL successfully initialized [OpenSSL 3.0.13 30 Jan 2024]
11:17:59:290  INFO 18096 --- [main] o.apache.catalina.core.StandardService   : Starting service [Tomcat]
11:17:59:290  INFO 18096 --- [main] org.apache.catalina.core.StandardEngine  : Starting Servlet engine: [Apache Tomcat/9.0.75]
11:17:59:370  INFO 18096 --- [main] o.a.c.c.C.[Tomcat].[localhost].[/]       : Initializing Spring embedded WebApplicationContext
11:17:59:376  INFO 18096 --- [main] w.s.c.ServletWebServerApplicationContext : Root WebApplicationContext: initialization completed in 2128 ms
11:17:59:552  INFO 18096 --- [main] o.s.c.openfeign.FeignClientFactoryBean   : For 'user-service' URL not provided. Will try picking an instance via load-balancing.
11:17:59:820  INFO 18096 --- [main] o.s.c.openfeign.FeignClientFactoryBean   : For 'trade-service' URL not provided. Will try picking an instance via load-balancing.
11:18:00:984  INFO 18096 --- [main] pertySourcedRequestMappingHandlerMapping : Mapped URL path [/v2/api-docs] onto method [springfox.documentation.swagger2.web.Swagger2ControllerWebMvc#getDocumentation(String, HttpServletRequest)]
11:18:01:830  INFO 18096 --- [main] com.alibaba.nacos.common.remote.client   : [RpcClientFactory] create a new rpc client of 941f4568-b31c-4d7d-9372-df0a37cf31ec
11:18:01:831  INFO 18096 --- [main] com.alibaba.nacos.common.remote.client   : [941f4568-b31c-4d7d-9372-df0a37cf31ec] RpcClient init label, labels = {module=naming, source=sdk}
11:18:01:833  INFO 18096 --- [main] com.alibaba.nacos.common.remote.client   : [941f4568-b31c-4d7d-9372-df0a37cf31ec] RpcClient init, ServerListFactory = com.alibaba.nacos.client.naming.core.ServerListManager
11:18:01:833  INFO 18096 --- [main] com.alibaba.nacos.common.remote.client   : [941f4568-b31c-4d7d-9372-df0a37cf31ec] Registry connection listener to current client:com.alibaba.nacos.client.naming.remote.gprc.redo.NamingGrpcRedoService
11:18:01:834  INFO 18096 --- [main] com.alibaba.nacos.common.remote.client   : [941f4568-b31c-4d7d-9372-df0a37cf31ec] Register server push request handler:com.alibaba.nacos.client.naming.remote.gprc.NamingPushRequestHandler
11:18:01:834  INFO 18096 --- [main] com.alibaba.nacos.common.remote.client   : [941f4568-b31c-4d7d-9372-df0a37cf31ec] Try to connect to server on start up, server: {serverIp = '121.36.206.19', server main port = 8848}
11:18:02:073  INFO 18096 --- [main] com.alibaba.nacos.common.remote.client   : [941f4568-b31c-4d7d-9372-df0a37cf31ec] Success to connect to server [121.36.206.19:8848] on start up, connectionId = 1729307882323_124.115.222.148_42903
11:18:02:075  INFO 18096 --- [com.alibaba.nacos.client.remote.worker] com.alibaba.nacos.common.remote.client   : [941f4568-b31c-4d7d-9372-df0a37cf31ec] Notify connected event to listeners.
11:18:02:075  INFO 18096 --- [main] com.alibaba.nacos.common.remote.client   : [941f4568-b31c-4d7d-9372-df0a37cf31ec] Register server push request handler:com.alibaba.nacos.common.remote.client.RpcClient$ConnectResetRequestHandler
11:18:02:075  INFO 18096 --- [main] com.alibaba.nacos.common.remote.client   : [941f4568-b31c-4d7d-9372-df0a37cf31ec] Register server push request handler:com.alibaba.nacos.common.remote.client.RpcClient$$Lambda$485/0x000001ccd64f8000
11:18:02:185  INFO 18096 --- [main] o.s.b.w.embedded.tomcat.TomcatWebServer  : Tomcat started on port(s): 8086 (http) with context path ''
11:18:02:248  INFO 18096 --- [main] c.a.c.n.registry.NacosServiceRegistry    : nacos registry, DEFAULT_GROUP pay-service 10.198.116.96:8086 register finished
11:18:02:385  INFO 18096 --- [main] d.s.w.p.DocumentationPluginsBootstrapper : Documentation plugins bootstrapped
11:18:02:390  INFO 18096 --- [main] d.s.w.p.DocumentationPluginsBootstrapper : Found 1 custom documentation plugin(s)
11:18:02:420  INFO 18096 --- [main] s.d.s.w.s.ApiListingReferenceScanner     : Scanning for api listing references
11:18:02:561  INFO 18096 --- [main] com.heima.pay.PayallApplication          : Started PayallApplication in 8.333 seconds (JVM running for 8.849)
11:18:02:571  INFO 18096 --- [main] c.a.c.n.refresh.NacosContextRefresher    : [Nacos Config] Listening config: dataId=pay-service, group=DEFAULT_GROUP
11:18:02:572  INFO 18096 --- [main] c.a.c.n.refresh.NacosContextRefresher    : [Nacos Config] Listening config: dataId=pay-service-dev.yaml, group=DEFAULT_GROUP
11:18:02:572  INFO 18096 --- [main] c.a.c.n.refresh.NacosContextRefresher    : [Nacos Config] Listening config: dataId=pay-service.yaml, group=DEFAULT_GROUP
11:18:02:663  INFO 18096 --- [nacos-grpc-client-executor-5] com.alibaba.nacos.common.remote.client   : [941f4568-b31c-4d7d-9372-df0a37cf31ec] Receive server push request, request = NotifySubscriberRequest, requestId = 44
11:18:02:672  INFO 18096 --- [nacos-grpc-client-executor-5] com.alibaba.nacos.common.remote.client   : [941f4568-b31c-4d7d-9372-df0a37cf31ec] Ack server push request, request = NotifySubscriberRequest, requestId = 44
11:35:42:601  WARN 18096 --- [Thread-1] c.a.n.common.http.HttpClientBeanHolder   : [HttpClientBeanHolder] Start destroying common HttpClient
11:35:42:601  WARN 18096 --- [Thread-5] c.a.nacos.common.notify.NotifyCenter     : [NotifyCenter] Start destroying Publisher
11:35:42:601  WARN 18096 --- [Thread-5] c.a.nacos.common.notify.NotifyCenter     : [NotifyCenter] Destruction of the end
11:35:42:601  WARN 18096 --- [Thread-1] c.a.n.common.http.HttpClientBeanHolder   : [HttpClientBeanHolder] Destruction of the end
11:35:42:676  INFO 18096 --- [SpringApplicationShutdownHook] c.a.c.n.registry.NacosServiceRegistry    : De-registering from Nacos Server now...
11:35:42:717  INFO 18096 --- [SpringApplicationShutdownHook] c.a.c.n.registry.NacosServiceRegistry    : De-registration finished.
11:35:43:046  INFO 18096 --- [SpringApplicationShutdownHook] com.alibaba.nacos.common.remote.client   : Shutdown rpc client, set status to shutdown
11:35:43:048  INFO 18096 --- [SpringApplicationShutdownHook] com.alibaba.nacos.common.remote.client   : Shutdown client event executor java.util.concurrent.ScheduledThreadPoolExecutor@300acb24[Running, pool size = 2, active threads = 2, queued tasks = 0, completed tasks = 0]
11:35:43:048  INFO 18096 --- [SpringApplicationShutdownHook] com.alibaba.nacos.common.remote.client   : Close current connection 1729307882323_124.115.222.148_42903
11:35:43:048  INFO 18096 --- [SpringApplicationShutdownHook] c.a.n.c.remote.client.grpc.GrpcClient    : Shutdown grpc executor java.util.concurrent.ThreadPoolExecutor@5f67afa3[Running, pool size = 4, active threads = 0, queued tasks = 0, completed tasks = 221]
