22:05:34:694  INFO 32900 --- [main] com.heima.item.ItemallApplication        : The following 1 profile is active: "dev"
22:05:35:130  INFO 32900 --- [main] .s.d.r.c.RepositoryConfigurationDelegate : Multiple Spring Data modules found, entering strict repository configuration mode
22:05:35:131  INFO 32900 --- [main] .s.d.r.c.RepositoryConfigurationDelegate : Bootstrapping Spring Data Redis repositories in DEFAULT mode.
22:05:35:145  INFO 32900 --- [main] .s.d.r.c.RepositoryConfigurationDelegate : Finished Spring Data repository scanning in 5 ms. Found 0 Redis repository interfaces.
22:05:35:300  INFO 32900 --- [main] o.s.cloud.context.scope.GenericScope     : BeanFactory id=f2cb08a3-fca2-3a1d-bb39-b99894439565
22:05:35:556  INFO 32900 --- [main] o.s.b.w.embedded.tomcat.TomcatWebServer  : Tomcat initialized with port(s): 8081 (http)
22:05:35:556  INFO 32900 --- [main] o.a.catalina.core.AprLifecycleListener   : Loaded Apache Tomcat Native library [2.0.7] using APR version [1.7.4].
22:05:35:557  INFO 32900 --- [main] o.a.catalina.core.AprLifecycleListener   : APR capabilities: IPv6 [true], sendfile [true], accept filters [false], random [true], UDS [true].
22:05:35:557  INFO 32900 --- [main] o.a.catalina.core.AprLifecycleListener   : APR/OpenSSL configuration: useAprConnector [false], useOpenSSL [true]
22:05:35:560  INFO 32900 --- [main] o.a.catalina.core.AprLifecycleListener   : OpenSSL successfully initialized [OpenSSL 3.0.13 30 Jan 2024]
22:05:35:566  INFO 32900 --- [main] o.apache.catalina.core.StandardService   : Starting service [Tomcat]
22:05:35:566  INFO 32900 --- [main] org.apache.catalina.core.StandardEngine  : Starting Servlet engine: [Apache Tomcat/9.0.75]
22:05:35:628  INFO 32900 --- [main] o.a.c.c.C.[Tomcat].[localhost].[/]       : Initializing Spring embedded WebApplicationContext
22:05:35:628  INFO 32900 --- [main] w.s.c.ServletWebServerApplicationContext : Root WebApplicationContext: initialization completed in 916 ms
22:05:36:045 DEBUG 32900 --- [main] s.w.s.m.m.a.RequestMappingHandlerMapping : 14 mappings in 'requestMappingHandlerMapping'
22:05:36:142 DEBUG 32900 --- [main] s.w.s.m.m.a.RequestMappingHandlerAdapter : ControllerAdvice beans: 0 @ModelAttribute, 0 @InitBinder, 1 RequestBodyAdvice, 1 ResponseBodyAdvice
22:05:36:177 DEBUG 32900 --- [main] o.s.w.s.handler.SimpleUrlHandlerMapping  : Patterns [/webjars/**, /**] in 'resourceHandlerMapping'
22:05:36:182 DEBUG 32900 --- [main] .m.m.a.ExceptionHandlerExceptionResolver : ControllerAdvice beans: 0 @ExceptionHandler, 1 ResponseBodyAdvice
22:05:36:286  INFO 32900 --- [main] pertySourcedRequestMappingHandlerMapping : Mapped URL path [/v2/api-docs] onto method [springfox.documentation.swagger2.web.Swagger2ControllerWebMvc#getDocumentation(String, HttpServletRequest)]
22:05:36:748  INFO 32900 --- [main] com.alibaba.nacos.common.remote.client   : [RpcClientFactory] create a new rpc client of 2898573a-0488-4b02-8d46-265e3f46bcfe
22:05:36:748  INFO 32900 --- [main] com.alibaba.nacos.common.remote.client   : [2898573a-0488-4b02-8d46-265e3f46bcfe] RpcClient init label, labels = {module=naming, source=sdk}
22:05:36:749  INFO 32900 --- [main] com.alibaba.nacos.common.remote.client   : [2898573a-0488-4b02-8d46-265e3f46bcfe] RpcClient init, ServerListFactory = com.alibaba.nacos.client.naming.core.ServerListManager
22:05:36:749  INFO 32900 --- [main] com.alibaba.nacos.common.remote.client   : [2898573a-0488-4b02-8d46-265e3f46bcfe] Registry connection listener to current client:com.alibaba.nacos.client.naming.remote.gprc.redo.NamingGrpcRedoService
22:05:36:749  INFO 32900 --- [main] com.alibaba.nacos.common.remote.client   : [2898573a-0488-4b02-8d46-265e3f46bcfe] Register server push request handler:com.alibaba.nacos.client.naming.remote.gprc.NamingPushRequestHandler
22:05:36:750  INFO 32900 --- [main] com.alibaba.nacos.common.remote.client   : [2898573a-0488-4b02-8d46-265e3f46bcfe] Try to connect to server on start up, server: {serverIp = '39.105.132.218', server main port = 8848}
22:05:36:948  INFO 32900 --- [main] com.alibaba.nacos.common.remote.client   : [2898573a-0488-4b02-8d46-265e3f46bcfe] Success to connect to server [39.105.132.218:8848] on start up, connectionId = 1727186736836_113.140.11.124_51677
22:05:36:948  INFO 32900 --- [main] com.alibaba.nacos.common.remote.client   : [2898573a-0488-4b02-8d46-265e3f46bcfe] Register server push request handler:com.alibaba.nacos.common.remote.client.RpcClient$ConnectResetRequestHandler
22:05:36:948  INFO 32900 --- [main] com.alibaba.nacos.common.remote.client   : [2898573a-0488-4b02-8d46-265e3f46bcfe] Register server push request handler:com.alibaba.nacos.common.remote.client.RpcClient$$Lambda$482/0x0000028cbe4c9450
22:05:36:948  INFO 32900 --- [com.alibaba.nacos.client.remote.worker] com.alibaba.nacos.common.remote.client   : [2898573a-0488-4b02-8d46-265e3f46bcfe] Notify connected event to listeners.
22:05:37:009  INFO 32900 --- [main] o.s.b.w.embedded.tomcat.TomcatWebServer  : Tomcat started on port(s): 8081 (http) with context path ''
22:05:37:039  INFO 32900 --- [main] c.a.c.n.registry.NacosServiceRegistry    : nacos registry, DEFAULT_GROUP item-service 10.198.6.11:8081 register finished
22:05:37:099  INFO 32900 --- [main] d.s.w.p.DocumentationPluginsBootstrapper : Documentation plugins bootstrapped
22:05:37:101  INFO 32900 --- [main] d.s.w.p.DocumentationPluginsBootstrapper : Found 1 custom documentation plugin(s)
22:05:37:119  INFO 32900 --- [main] s.d.s.w.s.ApiListingReferenceScanner     : Scanning for api listing references
22:05:37:128  INFO 32900 --- [main] com.heima.item.ItemallApplication        : Started ItemallApplication in 4.217 seconds (JVM running for 4.585)
22:05:37:132  INFO 32900 --- [main] c.a.c.n.refresh.NacosContextRefresher    : [Nacos Config] Listening config: dataId=item-service-dev.yaml, group=DEFAULT_GROUP
22:05:37:132  INFO 32900 --- [main] c.a.c.n.refresh.NacosContextRefresher    : [Nacos Config] Listening config: dataId=item-service.yaml, group=DEFAULT_GROUP
22:05:37:132  INFO 32900 --- [main] c.a.c.n.refresh.NacosContextRefresher    : [Nacos Config] Listening config: dataId=item-service, group=DEFAULT_GROUP
22:05:37:579  INFO 32900 --- [nacos-grpc-client-executor-7] com.alibaba.nacos.common.remote.client   : [2898573a-0488-4b02-8d46-265e3f46bcfe] Receive server push request, request = NotifySubscriberRequest, requestId = 6
22:05:37:588  INFO 32900 --- [nacos-grpc-client-executor-7] com.alibaba.nacos.common.remote.client   : [2898573a-0488-4b02-8d46-265e3f46bcfe] Ack server push request, request = NotifySubscriberRequest, requestId = 6
22:11:51:395  INFO 32900 --- [http-nio-8081-exec-1] o.a.c.c.C.[Tomcat].[localhost].[/]       : Initializing Spring DispatcherServlet 'dispatcherServlet'
22:11:51:396  INFO 32900 --- [http-nio-8081-exec-1] o.s.web.servlet.DispatcherServlet        : Initializing Servlet 'dispatcherServlet'
22:11:51:396 DEBUG 32900 --- [http-nio-8081-exec-1] o.s.web.servlet.DispatcherServlet        : Detected StandardServletMultipartResolver
22:11:51:396 DEBUG 32900 --- [http-nio-8081-exec-1] o.s.web.servlet.DispatcherServlet        : Detected AcceptHeaderLocaleResolver
22:11:51:396 DEBUG 32900 --- [http-nio-8081-exec-1] o.s.web.servlet.DispatcherServlet        : Detected FixedThemeResolver
22:11:51:397 DEBUG 32900 --- [http-nio-8081-exec-1] o.s.web.servlet.DispatcherServlet        : Detected org.springframework.web.servlet.view.DefaultRequestToViewNameTranslator@1940b85c
22:11:51:397 DEBUG 32900 --- [http-nio-8081-exec-1] o.s.web.servlet.DispatcherServlet        : Detected org.springframework.web.servlet.support.SessionFlashMapManager@7a17f5e7
22:11:51:397 DEBUG 32900 --- [http-nio-8081-exec-1] o.s.web.servlet.DispatcherServlet        : enableLoggingRequestDetails='false': request parameters and headers will be masked to prevent unsafe logging of potentially sensitive data
22:11:51:397  INFO 32900 --- [http-nio-8081-exec-1] o.s.web.servlet.DispatcherServlet        : Completed initialization in 1 ms
22:11:51:405 DEBUG 32900 --- [http-nio-8081-exec-1] o.s.web.servlet.DispatcherServlet        : GET "/search/list?key=&pageNo=1&pageSize=20&sortBy=&isAsc=false", parameters={masked}
22:11:51:413 DEBUG 32900 --- [http-nio-8081-exec-1] s.w.s.m.m.a.RequestMappingHandlerMapping : Mapped to com.heima.item.contoller.SearchController#search(ItemPageQuery)
22:11:51:439  INFO 32900 --- [http-nio-8081-exec-1] c.heima.item.contoller.SearchController  : hello
22:11:51:544  INFO 32900 --- [http-nio-8081-exec-1] com.zaxxer.hikari.HikariDataSource       : HikariPool-1 - Starting...
22:11:52:152  INFO 32900 --- [http-nio-8081-exec-1] com.zaxxer.hikari.HikariDataSource       : HikariPool-1 - Start completed.
22:11:52:156 DEBUG 32900 --- [http-nio-8081-exec-1] c.h.i.m.ItemMapper.selectList_mpCount    : ==>  Preparing: SELECT COUNT(*) AS total FROM item WHERE (status = ?)
22:11:52:172 DEBUG 32900 --- [http-nio-8081-exec-1] c.h.i.m.ItemMapper.selectList_mpCount    : ==> Parameters: 1(Integer)
22:11:52:298 DEBUG 32900 --- [http-nio-8081-exec-1] c.h.i.m.ItemMapper.selectList_mpCount    : <==      Total: 1
22:11:52:308 DEBUG 32900 --- [http-nio-8081-exec-1] c.h.item.mapper.ItemMapper.selectList    : ==>  Preparing: SELECT id, name, price, stock, image, category, brand, spec, sold, comment_count, isAD, status, create_time, update_time, creater, updater FROM item WHERE (status = ?) ORDER BY update_time DESC LIMIT ?
22:11:52:308 DEBUG 32900 --- [http-nio-8081-exec-1] c.h.item.mapper.ItemMapper.selectList    : ==> Parameters: 1(Integer), 20(Long)
22:11:52:377 DEBUG 32900 --- [http-nio-8081-exec-1] c.h.item.mapper.ItemMapper.selectList    : <==      Total: 20
22:11:52:416 DEBUG 32900 --- [http-nio-8081-exec-1] m.m.a.RequestResponseBodyMethodProcessor : Using 'application/json', given [application/json, text/plain, */*] and supported [application/json, application/*+json, application/json, application/*+json]
22:11:52:421 DEBUG 32900 --- [http-nio-8081-exec-1] m.m.a.RequestResponseBodyMethodProcessor : Writing [PageDTO(total=88475, pages=4424, list=[ItemDTO(id=8533120, name=海尔 （Haier ）LQ65H31 65英寸 4K曲面人工智能全面屏超 (truncated)...]
22:11:52:431 DEBUG 32900 --- [http-nio-8081-exec-1] o.s.web.servlet.DispatcherServlet        : Completed 200 OK
22:11:54:545 DEBUG 32900 --- [http-nio-8081-exec-2] o.s.web.servlet.DispatcherServlet        : GET "/items?ids=5706773", parameters={masked}
22:11:54:545 DEBUG 32900 --- [http-nio-8081-exec-2] s.w.s.m.m.a.RequestMappingHandlerMapping : Mapped to com.heima.item.contoller.ItemController#queryItemByIds(List)
22:11:54:571 DEBUG 32900 --- [http-nio-8081-exec-2] c.h.i.mapper.ItemMapper.selectBatchIds   : ==>  Preparing: SELECT id,name,price,stock,image,category,brand,spec,sold,comment_count,isAD,status,create_time,update_time,creater,updater FROM item WHERE id IN ( ? )
22:11:54:571 DEBUG 32900 --- [http-nio-8081-exec-2] c.h.i.mapper.ItemMapper.selectBatchIds   : ==> Parameters: 5706773(Long)
22:11:54:593 DEBUG 32900 --- [http-nio-8081-exec-2] c.h.i.mapper.ItemMapper.selectBatchIds   : <==      Total: 1
22:11:54:595 DEBUG 32900 --- [http-nio-8081-exec-2] m.m.a.RequestResponseBodyMethodProcessor : Using 'application/json', given [*/*] and supported [application/json, application/*+json, application/json, application/*+json]
22:11:54:596 DEBUG 32900 --- [http-nio-8081-exec-2] m.m.a.RequestResponseBodyMethodProcessor : Writing [[ItemDTO(id=5706773, name=华为 HUAWEI Mate 10 Pro 全面屏徕卡双摄游戏手机 6GB+128GB 银钻灰 全网通移动联通电信4G手机 双卡双待, price= (truncated)...]
22:11:54:597 DEBUG 32900 --- [http-nio-8081-exec-2] o.s.web.servlet.DispatcherServlet        : Completed 200 OK
22:12:01:511 DEBUG 32900 --- [http-nio-8081-exec-3] o.s.web.servlet.DispatcherServlet        : GET "/items?ids=5706773", parameters={masked}
22:12:01:511 DEBUG 32900 --- [http-nio-8081-exec-3] s.w.s.m.m.a.RequestMappingHandlerMapping : Mapped to com.heima.item.contoller.ItemController#queryItemByIds(List)
22:12:01:533 DEBUG 32900 --- [http-nio-8081-exec-3] c.h.i.mapper.ItemMapper.selectBatchIds   : ==>  Preparing: SELECT id,name,price,stock,image,category,brand,spec,sold,comment_count,isAD,status,create_time,update_time,creater,updater FROM item WHERE id IN ( ? )
22:12:01:533 DEBUG 32900 --- [http-nio-8081-exec-3] c.h.i.mapper.ItemMapper.selectBatchIds   : ==> Parameters: 5706773(Long)
22:12:01:556 DEBUG 32900 --- [http-nio-8081-exec-3] c.h.i.mapper.ItemMapper.selectBatchIds   : <==      Total: 1
22:12:01:557 DEBUG 32900 --- [http-nio-8081-exec-3] m.m.a.RequestResponseBodyMethodProcessor : Using 'application/json', given [*/*] and supported [application/json, application/*+json, application/json, application/*+json]
22:12:01:557 DEBUG 32900 --- [http-nio-8081-exec-3] m.m.a.RequestResponseBodyMethodProcessor : Writing [[ItemDTO(id=5706773, name=华为 HUAWEI Mate 10 Pro 全面屏徕卡双摄游戏手机 6GB+128GB 银钻灰 全网通移动联通电信4G手机 双卡双待, price= (truncated)...]
22:12:01:558 DEBUG 32900 --- [http-nio-8081-exec-3] o.s.web.servlet.DispatcherServlet        : Completed 200 OK
22:12:01:964 DEBUG 32900 --- [http-nio-8081-exec-4] o.s.web.servlet.DispatcherServlet        : PUT "/items/stock/deduct", parameters={}
22:12:01:964 DEBUG 32900 --- [http-nio-8081-exec-4] s.w.s.m.m.a.RequestMappingHandlerMapping : Mapped to com.heima.item.contoller.ItemController#deductStock(List)
22:12:01:970 DEBUG 32900 --- [http-nio-8081-exec-4] m.m.a.RequestResponseBodyMethodProcessor : Read "application/json;charset=UTF-8" to [[OrderDetailDTO(itemId=5706773, num=1)]]
22:12:01:972  WARN 32900 --- [http-nio-8081-exec-4] c.h.item.service.impl.ItemServiceImpl    : SqlSession [org.apache.ibatis.session.defaults.DefaultSqlSession@7d70246e] Transaction not enabled
22:12:01:973 DEBUG 32900 --- [http-nio-8081-exec-4] c.h.item.mapper.ItemMapper.updateStock   : ==>  Preparing: UPDATE item SET stock = stock - ? WHERE id = ?
22:12:01:973 DEBUG 32900 --- [http-nio-8081-exec-4] c.h.item.mapper.ItemMapper.updateStock   : ==> Parameters: 1(Integer), 5706773(Long)
22:12:02:045 DEBUG 32900 --- [http-nio-8081-exec-4] m.m.a.RequestResponseBodyMethodProcessor : Using 'application/json', given [*/*] and supported [application/json, application/*+json, application/json, application/*+json]
22:12:02:046 DEBUG 32900 --- [http-nio-8081-exec-4] m.m.a.RequestResponseBodyMethodProcessor : Nothing to write: null body
22:12:02:046 DEBUG 32900 --- [http-nio-8081-exec-4] o.s.web.servlet.DispatcherServlet        : Completed 200 OK
22:12:13:568 DEBUG 32900 --- [http-nio-8081-exec-5] o.s.web.servlet.DispatcherServlet        : GET "/search/list?key=&pageNo=1&pageSize=20&sortBy=&isAsc=false", parameters={masked}
22:12:13:569 DEBUG 32900 --- [http-nio-8081-exec-5] s.w.s.m.m.a.RequestMappingHandlerMapping : Mapped to com.heima.item.contoller.SearchController#search(ItemPageQuery)
22:12:13:571  INFO 32900 --- [http-nio-8081-exec-5] c.heima.item.contoller.SearchController  : hello
22:12:13:597 DEBUG 32900 --- [http-nio-8081-exec-5] c.h.i.m.ItemMapper.selectList_mpCount    : ==>  Preparing: SELECT COUNT(*) AS total FROM item WHERE (status = ?)
22:12:13:598 DEBUG 32900 --- [http-nio-8081-exec-5] c.h.i.m.ItemMapper.selectList_mpCount    : ==> Parameters: 1(Integer)
22:12:13:636 DEBUG 32900 --- [http-nio-8081-exec-5] c.h.i.m.ItemMapper.selectList_mpCount    : <==      Total: 1
22:12:13:639 DEBUG 32900 --- [http-nio-8081-exec-5] c.h.item.mapper.ItemMapper.selectList    : ==>  Preparing: SELECT id, name, price, stock, image, category, brand, spec, sold, comment_count, isAD, status, create_time, update_time, creater, updater FROM item WHERE (status = ?) ORDER BY update_time DESC LIMIT ?
22:12:13:639 DEBUG 32900 --- [http-nio-8081-exec-5] c.h.item.mapper.ItemMapper.selectList    : ==> Parameters: 1(Integer), 20(Long)
22:12:13:665 DEBUG 32900 --- [http-nio-8081-exec-5] c.h.item.mapper.ItemMapper.selectList    : <==      Total: 20
22:12:13:668 DEBUG 32900 --- [http-nio-8081-exec-5] m.m.a.RequestResponseBodyMethodProcessor : Using 'application/json', given [application/json, text/plain, */*] and supported [application/json, application/*+json, application/json, application/*+json]
22:12:13:668 DEBUG 32900 --- [http-nio-8081-exec-5] m.m.a.RequestResponseBodyMethodProcessor : Writing [PageDTO(total=88475, pages=4424, list=[ItemDTO(id=5706773, name=华为 HUAWEI Mate 10 Pro 全面屏徕卡双摄游戏手机 6G (truncated)...]
22:12:13:669 DEBUG 32900 --- [http-nio-8081-exec-5] o.s.web.servlet.DispatcherServlet        : Completed 200 OK
22:23:05:658 DEBUG 32900 --- [http-nio-8081-exec-9] o.s.web.servlet.DispatcherServlet        : GET "/search/list?key=&pageNo=1&pageSize=20&sortBy=&isAsc=false", parameters={masked}
22:23:05:659 DEBUG 32900 --- [http-nio-8081-exec-9] s.w.s.m.m.a.RequestMappingHandlerMapping : Mapped to com.heima.item.contoller.SearchController#search(ItemPageQuery)
22:23:05:659  INFO 32900 --- [http-nio-8081-exec-9] c.heima.item.contoller.SearchController  : hello
22:23:05:684 DEBUG 32900 --- [http-nio-8081-exec-9] c.h.i.m.ItemMapper.selectList_mpCount    : ==>  Preparing: SELECT COUNT(*) AS total FROM item WHERE (status = ?)
22:23:05:685 DEBUG 32900 --- [http-nio-8081-exec-9] c.h.i.m.ItemMapper.selectList_mpCount    : ==> Parameters: 1(Integer)
22:23:05:747 DEBUG 32900 --- [http-nio-8081-exec-9] c.h.i.m.ItemMapper.selectList_mpCount    : <==      Total: 1
22:23:05:749 DEBUG 32900 --- [http-nio-8081-exec-9] c.h.item.mapper.ItemMapper.selectList    : ==>  Preparing: SELECT id, name, price, stock, image, category, brand, spec, sold, comment_count, isAD, status, create_time, update_time, creater, updater FROM item WHERE (status = ?) ORDER BY update_time DESC LIMIT ?
22:23:05:749 DEBUG 32900 --- [http-nio-8081-exec-9] c.h.item.mapper.ItemMapper.selectList    : ==> Parameters: 1(Integer), 20(Long)
22:23:05:779 DEBUG 32900 --- [http-nio-8081-exec-9] c.h.item.mapper.ItemMapper.selectList    : <==      Total: 20
22:23:05:781 DEBUG 32900 --- [http-nio-8081-exec-9] m.m.a.RequestResponseBodyMethodProcessor : Using 'application/json', given [application/json, text/plain, */*] and supported [application/json, application/*+json, application/json, application/*+json]
22:23:05:783 DEBUG 32900 --- [http-nio-8081-exec-9] m.m.a.RequestResponseBodyMethodProcessor : Writing [PageDTO(total=88475, pages=4424, list=[ItemDTO(id=5706773, name=华为 HUAWEI Mate 10 Pro 全面屏徕卡双摄游戏手机 6G (truncated)...]
22:23:05:784 DEBUG 32900 --- [http-nio-8081-exec-9] o.s.web.servlet.DispatcherServlet        : Completed 200 OK
22:23:07:582 DEBUG 32900 --- [http-nio-8081-exec-10] o.s.web.servlet.DispatcherServlet        : GET "/items?ids=2120808", parameters={masked}
22:23:07:583 DEBUG 32900 --- [http-nio-8081-exec-10] s.w.s.m.m.a.RequestMappingHandlerMapping : Mapped to com.heima.item.contoller.ItemController#queryItemByIds(List)
22:23:07:606 DEBUG 32900 --- [http-nio-8081-exec-10] c.h.i.mapper.ItemMapper.selectBatchIds   : ==>  Preparing: SELECT id,name,price,stock,image,category,brand,spec,sold,comment_count,isAD,status,create_time,update_time,creater,updater FROM item WHERE id IN ( ? )
22:23:07:606 DEBUG 32900 --- [http-nio-8081-exec-10] c.h.i.mapper.ItemMapper.selectBatchIds   : ==> Parameters: 2120808(Long)
22:23:07:629 DEBUG 32900 --- [http-nio-8081-exec-10] c.h.i.mapper.ItemMapper.selectBatchIds   : <==      Total: 1
22:23:07:629 DEBUG 32900 --- [http-nio-8081-exec-10] m.m.a.RequestResponseBodyMethodProcessor : Using 'application/json', given [*/*] and supported [application/json, application/*+json, application/json, application/*+json]
22:23:07:629 DEBUG 32900 --- [http-nio-8081-exec-10] m.m.a.RequestResponseBodyMethodProcessor : Writing [[ItemDTO(id=2120808, name=姬龙雪 guy laroche女包 GL经典手提包女牛皮大容量单肩包女欧美时尚包包女包GS1210001-06杏色, price=71800, st (truncated)...]
22:23:07:630 DEBUG 32900 --- [http-nio-8081-exec-10] o.s.web.servlet.DispatcherServlet        : Completed 200 OK
22:23:11:064 DEBUG 32900 --- [http-nio-8081-exec-1] o.s.web.servlet.DispatcherServlet        : GET "/items?ids=8533120&ids=2120808", parameters={masked}
22:23:11:065 DEBUG 32900 --- [http-nio-8081-exec-1] s.w.s.m.m.a.RequestMappingHandlerMapping : Mapped to com.heima.item.contoller.ItemController#queryItemByIds(List)
22:23:11:087 DEBUG 32900 --- [http-nio-8081-exec-1] c.h.i.mapper.ItemMapper.selectBatchIds   : ==>  Preparing: SELECT id,name,price,stock,image,category,brand,spec,sold,comment_count,isAD,status,create_time,update_time,creater,updater FROM item WHERE id IN ( ? , ? )
22:23:11:087 DEBUG 32900 --- [http-nio-8081-exec-1] c.h.i.mapper.ItemMapper.selectBatchIds   : ==> Parameters: 8533120(Long), 2120808(Long)
22:23:11:113 DEBUG 32900 --- [http-nio-8081-exec-1] c.h.i.mapper.ItemMapper.selectBatchIds   : <==      Total: 2
22:23:11:114 DEBUG 32900 --- [http-nio-8081-exec-1] m.m.a.RequestResponseBodyMethodProcessor : Using 'application/json', given [*/*] and supported [application/json, application/*+json, application/json, application/*+json]
22:23:11:114 DEBUG 32900 --- [http-nio-8081-exec-1] m.m.a.RequestResponseBodyMethodProcessor : Writing [[ItemDTO(id=2120808, name=姬龙雪 guy laroche女包 GL经典手提包女牛皮大容量单肩包女欧美时尚包包女包GS1210001-06杏色, price=71800, st (truncated)...]
22:23:11:114 DEBUG 32900 --- [http-nio-8081-exec-1] o.s.web.servlet.DispatcherServlet        : Completed 200 OK
22:27:30:519 DEBUG 32900 --- [http-nio-8081-exec-4] o.s.web.servlet.DispatcherServlet        : GET "/items?ids=8533120&ids=2120808&ids=100001905417", parameters={masked}
22:27:30:519 DEBUG 32900 --- [http-nio-8081-exec-4] s.w.s.m.m.a.RequestMappingHandlerMapping : Mapped to com.heima.item.contoller.ItemController#queryItemByIds(List)
22:27:30:542 DEBUG 32900 --- [http-nio-8081-exec-4] c.h.i.mapper.ItemMapper.selectBatchIds   : ==>  Preparing: SELECT id,name,price,stock,image,category,brand,spec,sold,comment_count,isAD,status,create_time,update_time,creater,updater FROM item WHERE id IN ( ? , ? , ? )
22:27:30:543 DEBUG 32900 --- [http-nio-8081-exec-4] c.h.i.mapper.ItemMapper.selectBatchIds   : ==> Parameters: 8533120(Long), 2120808(Long), 100001905417(Long)
22:27:30:567 DEBUG 32900 --- [http-nio-8081-exec-4] c.h.i.mapper.ItemMapper.selectBatchIds   : <==      Total: 3
22:27:30:568 DEBUG 32900 --- [http-nio-8081-exec-4] m.m.a.RequestResponseBodyMethodProcessor : Using 'application/json', given [*/*] and supported [application/json, application/*+json, application/json, application/*+json]
22:27:30:568 DEBUG 32900 --- [http-nio-8081-exec-4] m.m.a.RequestResponseBodyMethodProcessor : Writing [[ItemDTO(id=2120808, name=姬龙雪 guy laroche女包 GL经典手提包女牛皮大容量单肩包女欧美时尚包包女包GS1210001-06杏色, price=71800, st (truncated)...]
22:27:30:568 DEBUG 32900 --- [http-nio-8081-exec-4] o.s.web.servlet.DispatcherServlet        : Completed 200 OK
22:27:40:690 DEBUG 32900 --- [http-nio-8081-exec-5] o.s.web.servlet.DispatcherServlet        : GET "/items?ids=8533120&ids=2120808&ids=100001905417", parameters={masked}
22:27:40:691 DEBUG 32900 --- [http-nio-8081-exec-5] s.w.s.m.m.a.RequestMappingHandlerMapping : Mapped to com.heima.item.contoller.ItemController#queryItemByIds(List)
22:27:40:713 DEBUG 32900 --- [http-nio-8081-exec-5] c.h.i.mapper.ItemMapper.selectBatchIds   : ==>  Preparing: SELECT id,name,price,stock,image,category,brand,spec,sold,comment_count,isAD,status,create_time,update_time,creater,updater FROM item WHERE id IN ( ? , ? , ? )
22:27:40:713 DEBUG 32900 --- [http-nio-8081-exec-5] c.h.i.mapper.ItemMapper.selectBatchIds   : ==> Parameters: 8533120(Long), 2120808(Long), 100001905417(Long)
22:27:40:738 DEBUG 32900 --- [http-nio-8081-exec-5] c.h.i.mapper.ItemMapper.selectBatchIds   : <==      Total: 3
22:27:40:738 DEBUG 32900 --- [http-nio-8081-exec-5] m.m.a.RequestResponseBodyMethodProcessor : Using 'application/json', given [*/*] and supported [application/json, application/*+json, application/json, application/*+json]
22:27:40:738 DEBUG 32900 --- [http-nio-8081-exec-5] m.m.a.RequestResponseBodyMethodProcessor : Writing [[ItemDTO(id=2120808, name=姬龙雪 guy laroche女包 GL经典手提包女牛皮大容量单肩包女欧美时尚包包女包GS1210001-06杏色, price=71800, st (truncated)...]
22:27:40:739 DEBUG 32900 --- [http-nio-8081-exec-5] o.s.web.servlet.DispatcherServlet        : Completed 200 OK
22:27:45:500 DEBUG 32900 --- [http-nio-8081-exec-6] o.s.web.servlet.DispatcherServlet        : GET "/items?ids=8533120&ids=2120808&ids=100001905417", parameters={masked}
22:27:45:501 DEBUG 32900 --- [http-nio-8081-exec-6] s.w.s.m.m.a.RequestMappingHandlerMapping : Mapped to com.heima.item.contoller.ItemController#queryItemByIds(List)
22:27:45:523 DEBUG 32900 --- [http-nio-8081-exec-6] c.h.i.mapper.ItemMapper.selectBatchIds   : ==>  Preparing: SELECT id,name,price,stock,image,category,brand,spec,sold,comment_count,isAD,status,create_time,update_time,creater,updater FROM item WHERE id IN ( ? , ? , ? )
22:27:45:523 DEBUG 32900 --- [http-nio-8081-exec-6] c.h.i.mapper.ItemMapper.selectBatchIds   : ==> Parameters: 8533120(Long), 2120808(Long), 100001905417(Long)
22:27:45:547 DEBUG 32900 --- [http-nio-8081-exec-6] c.h.i.mapper.ItemMapper.selectBatchIds   : <==      Total: 3
22:27:45:547 DEBUG 32900 --- [http-nio-8081-exec-6] m.m.a.RequestResponseBodyMethodProcessor : Using 'application/json', given [*/*] and supported [application/json, application/*+json, application/json, application/*+json]
22:27:45:547 DEBUG 32900 --- [http-nio-8081-exec-6] m.m.a.RequestResponseBodyMethodProcessor : Writing [[ItemDTO(id=2120808, name=姬龙雪 guy laroche女包 GL经典手提包女牛皮大容量单肩包女欧美时尚包包女包GS1210001-06杏色, price=71800, st (truncated)...]
22:27:45:548 DEBUG 32900 --- [http-nio-8081-exec-6] o.s.web.servlet.DispatcherServlet        : Completed 200 OK
22:27:51:758 DEBUG 32900 --- [http-nio-8081-exec-7] o.s.web.servlet.DispatcherServlet        : GET "/items?ids=8533120&ids=2120808&ids=100001905417", parameters={masked}
22:27:51:758 DEBUG 32900 --- [http-nio-8081-exec-7] s.w.s.m.m.a.RequestMappingHandlerMapping : Mapped to com.heima.item.contoller.ItemController#queryItemByIds(List)
22:27:51:781 DEBUG 32900 --- [http-nio-8081-exec-7] c.h.i.mapper.ItemMapper.selectBatchIds   : ==>  Preparing: SELECT id,name,price,stock,image,category,brand,spec,sold,comment_count,isAD,status,create_time,update_time,creater,updater FROM item WHERE id IN ( ? , ? , ? )
22:27:51:781 DEBUG 32900 --- [http-nio-8081-exec-7] c.h.i.mapper.ItemMapper.selectBatchIds   : ==> Parameters: 8533120(Long), 2120808(Long), 100001905417(Long)
22:27:51:804 DEBUG 32900 --- [http-nio-8081-exec-7] c.h.i.mapper.ItemMapper.selectBatchIds   : <==      Total: 3
22:27:51:807 DEBUG 32900 --- [http-nio-8081-exec-7] m.m.a.RequestResponseBodyMethodProcessor : Using 'application/json', given [*/*] and supported [application/json, application/*+json, application/json, application/*+json]
22:27:51:807 DEBUG 32900 --- [http-nio-8081-exec-7] m.m.a.RequestResponseBodyMethodProcessor : Writing [[ItemDTO(id=2120808, name=姬龙雪 guy laroche女包 GL经典手提包女牛皮大容量单肩包女欧美时尚包包女包GS1210001-06杏色, price=71800, st (truncated)...]
22:27:51:808 DEBUG 32900 --- [http-nio-8081-exec-7] o.s.web.servlet.DispatcherServlet        : Completed 200 OK
22:27:53:400 DEBUG 32900 --- [http-nio-8081-exec-8] o.s.web.servlet.DispatcherServlet        : GET "/items?ids=8533120&ids=2120808&ids=100001905417", parameters={masked}
22:27:53:400 DEBUG 32900 --- [http-nio-8081-exec-8] s.w.s.m.m.a.RequestMappingHandlerMapping : Mapped to com.heima.item.contoller.ItemController#queryItemByIds(List)
22:27:53:423 DEBUG 32900 --- [http-nio-8081-exec-8] c.h.i.mapper.ItemMapper.selectBatchIds   : ==>  Preparing: SELECT id,name,price,stock,image,category,brand,spec,sold,comment_count,isAD,status,create_time,update_time,creater,updater FROM item WHERE id IN ( ? , ? , ? )
22:27:53:424 DEBUG 32900 --- [http-nio-8081-exec-8] c.h.i.mapper.ItemMapper.selectBatchIds   : ==> Parameters: 8533120(Long), 2120808(Long), 100001905417(Long)
22:27:53:447 DEBUG 32900 --- [http-nio-8081-exec-8] c.h.i.mapper.ItemMapper.selectBatchIds   : <==      Total: 3
22:27:53:447 DEBUG 32900 --- [http-nio-8081-exec-8] m.m.a.RequestResponseBodyMethodProcessor : Using 'application/json', given [*/*] and supported [application/json, application/*+json, application/json, application/*+json]
22:27:53:447 DEBUG 32900 --- [http-nio-8081-exec-8] m.m.a.RequestResponseBodyMethodProcessor : Writing [[ItemDTO(id=2120808, name=姬龙雪 guy laroche女包 GL经典手提包女牛皮大容量单肩包女欧美时尚包包女包GS1210001-06杏色, price=71800, st (truncated)...]
22:27:53:448 DEBUG 32900 --- [http-nio-8081-exec-8] o.s.web.servlet.DispatcherServlet        : Completed 200 OK
22:27:55:094 DEBUG 32900 --- [http-nio-8081-exec-9] o.s.web.servlet.DispatcherServlet        : GET "/items?ids=8533120&ids=2120808&ids=100001905417", parameters={masked}
22:27:55:094 DEBUG 32900 --- [http-nio-8081-exec-9] s.w.s.m.m.a.RequestMappingHandlerMapping : Mapped to com.heima.item.contoller.ItemController#queryItemByIds(List)
22:27:55:116 DEBUG 32900 --- [http-nio-8081-exec-9] c.h.i.mapper.ItemMapper.selectBatchIds   : ==>  Preparing: SELECT id,name,price,stock,image,category,brand,spec,sold,comment_count,isAD,status,create_time,update_time,creater,updater FROM item WHERE id IN ( ? , ? , ? )
22:27:55:117 DEBUG 32900 --- [http-nio-8081-exec-9] c.h.i.mapper.ItemMapper.selectBatchIds   : ==> Parameters: 8533120(Long), 2120808(Long), 100001905417(Long)
22:27:55:141 DEBUG 32900 --- [http-nio-8081-exec-9] c.h.i.mapper.ItemMapper.selectBatchIds   : <==      Total: 3
22:27:55:142 DEBUG 32900 --- [http-nio-8081-exec-9] m.m.a.RequestResponseBodyMethodProcessor : Using 'application/json', given [*/*] and supported [application/json, application/*+json, application/json, application/*+json]
22:27:55:142 DEBUG 32900 --- [http-nio-8081-exec-9] m.m.a.RequestResponseBodyMethodProcessor : Writing [[ItemDTO(id=2120808, name=姬龙雪 guy laroche女包 GL经典手提包女牛皮大容量单肩包女欧美时尚包包女包GS1210001-06杏色, price=71800, st (truncated)...]
22:27:55:143 DEBUG 32900 --- [http-nio-8081-exec-9] o.s.web.servlet.DispatcherServlet        : Completed 200 OK
22:28:02:092 DEBUG 32900 --- [http-nio-8081-exec-10] o.s.web.servlet.DispatcherServlet        : GET "/items?ids=8533120&ids=100001511821&ids=2120808&ids=100001905417", parameters={masked}
22:28:02:092 DEBUG 32900 --- [http-nio-8081-exec-10] s.w.s.m.m.a.RequestMappingHandlerMapping : Mapped to com.heima.item.contoller.ItemController#queryItemByIds(List)
22:28:02:115 DEBUG 32900 --- [http-nio-8081-exec-10] c.h.i.mapper.ItemMapper.selectBatchIds   : ==>  Preparing: SELECT id,name,price,stock,image,category,brand,spec,sold,comment_count,isAD,status,create_time,update_time,creater,updater FROM item WHERE id IN ( ? , ? , ? , ? )
22:28:02:116 DEBUG 32900 --- [http-nio-8081-exec-10] c.h.i.mapper.ItemMapper.selectBatchIds   : ==> Parameters: 8533120(Long), 100001511821(Long), 2120808(Long), 100001905417(Long)
22:28:02:139 DEBUG 32900 --- [http-nio-8081-exec-10] c.h.i.mapper.ItemMapper.selectBatchIds   : <==      Total: 4
22:28:02:140 DEBUG 32900 --- [http-nio-8081-exec-10] m.m.a.RequestResponseBodyMethodProcessor : Using 'application/json', given [*/*] and supported [application/json, application/*+json, application/json, application/*+json]
22:28:02:140 DEBUG 32900 --- [http-nio-8081-exec-10] m.m.a.RequestResponseBodyMethodProcessor : Writing [[ItemDTO(id=2120808, name=姬龙雪 guy laroche女包 GL经典手提包女牛皮大容量单肩包女欧美时尚包包女包GS1210001-06杏色, price=71800, st (truncated)...]
22:28:02:141 DEBUG 32900 --- [http-nio-8081-exec-10] o.s.web.servlet.DispatcherServlet        : Completed 200 OK
22:28:47:151 DEBUG 32900 --- [http-nio-8081-exec-2] o.s.web.servlet.DispatcherServlet        : GET "/items?ids=8533120&ids=100001511821&ids=2120808&ids=100001905417", parameters={masked}
22:28:47:151 DEBUG 32900 --- [http-nio-8081-exec-2] s.w.s.m.m.a.RequestMappingHandlerMapping : Mapped to com.heima.item.contoller.ItemController#queryItemByIds(List)
22:28:47:176 DEBUG 32900 --- [http-nio-8081-exec-2] c.h.i.mapper.ItemMapper.selectBatchIds   : ==>  Preparing: SELECT id,name,price,stock,image,category,brand,spec,sold,comment_count,isAD,status,create_time,update_time,creater,updater FROM item WHERE id IN ( ? , ? , ? , ? )
22:28:47:176 DEBUG 32900 --- [http-nio-8081-exec-2] c.h.i.mapper.ItemMapper.selectBatchIds   : ==> Parameters: 8533120(Long), 100001511821(Long), 2120808(Long), 100001905417(Long)
22:28:47:199 DEBUG 32900 --- [http-nio-8081-exec-2] c.h.i.mapper.ItemMapper.selectBatchIds   : <==      Total: 4
22:28:47:200 DEBUG 32900 --- [http-nio-8081-exec-2] m.m.a.RequestResponseBodyMethodProcessor : Using 'application/json', given [*/*] and supported [application/json, application/*+json, application/json, application/*+json]
22:28:47:200 DEBUG 32900 --- [http-nio-8081-exec-2] m.m.a.RequestResponseBodyMethodProcessor : Writing [[ItemDTO(id=2120808, name=姬龙雪 guy laroche女包 GL经典手提包女牛皮大容量单肩包女欧美时尚包包女包GS1210001-06杏色, price=71800, st (truncated)...]
22:28:47:200 DEBUG 32900 --- [http-nio-8081-exec-2] o.s.web.servlet.DispatcherServlet        : Completed 200 OK
22:28:47:224 DEBUG 32900 --- [http-nio-8081-exec-3] o.s.web.servlet.DispatcherServlet        : GET "/items?ids=8533120&ids=100001511821&ids=2120808&ids=100001905417", parameters={masked}
22:28:47:224 DEBUG 32900 --- [http-nio-8081-exec-3] s.w.s.m.m.a.RequestMappingHandlerMapping : Mapped to com.heima.item.contoller.ItemController#queryItemByIds(List)
22:28:47:225 DEBUG 32900 --- [http-nio-8081-exec-3] c.h.i.mapper.ItemMapper.selectBatchIds   : ==>  Preparing: SELECT id,name,price,stock,image,category,brand,spec,sold,comment_count,isAD,status,create_time,update_time,creater,updater FROM item WHERE id IN ( ? , ? , ? , ? )
22:28:47:225 DEBUG 32900 --- [http-nio-8081-exec-3] c.h.i.mapper.ItemMapper.selectBatchIds   : ==> Parameters: 8533120(Long), 100001511821(Long), 2120808(Long), 100001905417(Long)
22:28:47:249 DEBUG 32900 --- [http-nio-8081-exec-3] c.h.i.mapper.ItemMapper.selectBatchIds   : <==      Total: 4
22:28:47:249 DEBUG 32900 --- [http-nio-8081-exec-3] m.m.a.RequestResponseBodyMethodProcessor : Using 'application/json', given [*/*] and supported [application/json, application/*+json, application/json, application/*+json]
22:28:47:249 DEBUG 32900 --- [http-nio-8081-exec-3] m.m.a.RequestResponseBodyMethodProcessor : Writing [[ItemDTO(id=2120808, name=姬龙雪 guy laroche女包 GL经典手提包女牛皮大容量单肩包女欧美时尚包包女包GS1210001-06杏色, price=71800, st (truncated)...]
22:28:47:250 DEBUG 32900 --- [http-nio-8081-exec-3] o.s.web.servlet.DispatcherServlet        : Completed 200 OK
22:28:53:816 DEBUG 32900 --- [http-nio-8081-exec-4] o.s.web.servlet.DispatcherServlet        : GET "/items?ids=8533120&ids=100001511821&ids=2120808&ids=100001905417", parameters={masked}
22:28:53:817 DEBUG 32900 --- [http-nio-8081-exec-4] s.w.s.m.m.a.RequestMappingHandlerMapping : Mapped to com.heima.item.contoller.ItemController#queryItemByIds(List)
22:28:53:839 DEBUG 32900 --- [http-nio-8081-exec-4] c.h.i.mapper.ItemMapper.selectBatchIds   : ==>  Preparing: SELECT id,name,price,stock,image,category,brand,spec,sold,comment_count,isAD,status,create_time,update_time,creater,updater FROM item WHERE id IN ( ? , ? , ? , ? )
22:28:53:840 DEBUG 32900 --- [http-nio-8081-exec-4] c.h.i.mapper.ItemMapper.selectBatchIds   : ==> Parameters: 8533120(Long), 100001511821(Long), 2120808(Long), 100001905417(Long)
22:28:53:863 DEBUG 32900 --- [http-nio-8081-exec-4] c.h.i.mapper.ItemMapper.selectBatchIds   : <==      Total: 4
22:28:53:864 DEBUG 32900 --- [http-nio-8081-exec-4] m.m.a.RequestResponseBodyMethodProcessor : Using 'application/json', given [*/*] and supported [application/json, application/*+json, application/json, application/*+json]
22:28:53:864 DEBUG 32900 --- [http-nio-8081-exec-4] m.m.a.RequestResponseBodyMethodProcessor : Writing [[ItemDTO(id=2120808, name=姬龙雪 guy laroche女包 GL经典手提包女牛皮大容量单肩包女欧美时尚包包女包GS1210001-06杏色, price=71800, st (truncated)...]
22:28:53:864 DEBUG 32900 --- [http-nio-8081-exec-4] o.s.web.servlet.DispatcherServlet        : Completed 200 OK
22:29:23:838 DEBUG 32900 --- [http-nio-8081-exec-5] o.s.web.servlet.DispatcherServlet        : GET "/items?ids=8533120&ids=100001511821&ids=2120808&ids=100001905417", parameters={masked}
22:29:23:838 DEBUG 32900 --- [http-nio-8081-exec-5] s.w.s.m.m.a.RequestMappingHandlerMapping : Mapped to com.heima.item.contoller.ItemController#queryItemByIds(List)
22:29:23:860 DEBUG 32900 --- [http-nio-8081-exec-5] c.h.i.mapper.ItemMapper.selectBatchIds   : ==>  Preparing: SELECT id,name,price,stock,image,category,brand,spec,sold,comment_count,isAD,status,create_time,update_time,creater,updater FROM item WHERE id IN ( ? , ? , ? , ? )
22:29:23:860 DEBUG 32900 --- [http-nio-8081-exec-5] c.h.i.mapper.ItemMapper.selectBatchIds   : ==> Parameters: 8533120(Long), 100001511821(Long), 2120808(Long), 100001905417(Long)
22:29:23:887 DEBUG 32900 --- [http-nio-8081-exec-5] c.h.i.mapper.ItemMapper.selectBatchIds   : <==      Total: 4
22:29:23:888 DEBUG 32900 --- [http-nio-8081-exec-5] m.m.a.RequestResponseBodyMethodProcessor : Using 'application/json', given [*/*] and supported [application/json, application/*+json, application/json, application/*+json]
22:29:23:888 DEBUG 32900 --- [http-nio-8081-exec-5] m.m.a.RequestResponseBodyMethodProcessor : Writing [[ItemDTO(id=2120808, name=姬龙雪 guy laroche女包 GL经典手提包女牛皮大容量单肩包女欧美时尚包包女包GS1210001-06杏色, price=71800, st (truncated)...]
22:29:23:888 DEBUG 32900 --- [http-nio-8081-exec-5] o.s.web.servlet.DispatcherServlet        : Completed 200 OK
22:29:47:154 DEBUG 32900 --- [http-nio-8081-exec-6] o.s.web.servlet.DispatcherServlet        : GET "/items?ids=8533120&ids=100001511821&ids=2120808&ids=100001905417", parameters={masked}
22:29:47:154 DEBUG 32900 --- [http-nio-8081-exec-6] s.w.s.m.m.a.RequestMappingHandlerMapping : Mapped to com.heima.item.contoller.ItemController#queryItemByIds(List)
22:29:47:177 DEBUG 32900 --- [http-nio-8081-exec-6] c.h.i.mapper.ItemMapper.selectBatchIds   : ==>  Preparing: SELECT id,name,price,stock,image,category,brand,spec,sold,comment_count,isAD,status,create_time,update_time,creater,updater FROM item WHERE id IN ( ? , ? , ? , ? )
22:29:47:177 DEBUG 32900 --- [http-nio-8081-exec-6] c.h.i.mapper.ItemMapper.selectBatchIds   : ==> Parameters: 8533120(Long), 100001511821(Long), 2120808(Long), 100001905417(Long)
22:29:47:200 DEBUG 32900 --- [http-nio-8081-exec-6] c.h.i.mapper.ItemMapper.selectBatchIds   : <==      Total: 4
22:29:47:200 DEBUG 32900 --- [http-nio-8081-exec-6] m.m.a.RequestResponseBodyMethodProcessor : Using 'application/json', given [*/*] and supported [application/json, application/*+json, application/json, application/*+json]
22:29:47:200 DEBUG 32900 --- [http-nio-8081-exec-6] m.m.a.RequestResponseBodyMethodProcessor : Writing [[ItemDTO(id=2120808, name=姬龙雪 guy laroche女包 GL经典手提包女牛皮大容量单肩包女欧美时尚包包女包GS1210001-06杏色, price=71800, st (truncated)...]
22:29:47:200 DEBUG 32900 --- [http-nio-8081-exec-6] o.s.web.servlet.DispatcherServlet        : Completed 200 OK
22:29:51:884 DEBUG 32900 --- [http-nio-8081-exec-7] o.s.web.servlet.DispatcherServlet        : GET "/items?ids=8533120&ids=100001511821&ids=2120808&ids=100001905417", parameters={masked}
22:29:51:885 DEBUG 32900 --- [http-nio-8081-exec-7] s.w.s.m.m.a.RequestMappingHandlerMapping : Mapped to com.heima.item.contoller.ItemController#queryItemByIds(List)
22:29:51:907 DEBUG 32900 --- [http-nio-8081-exec-7] c.h.i.mapper.ItemMapper.selectBatchIds   : ==>  Preparing: SELECT id,name,price,stock,image,category,brand,spec,sold,comment_count,isAD,status,create_time,update_time,creater,updater FROM item WHERE id IN ( ? , ? , ? , ? )
22:29:51:907 DEBUG 32900 --- [http-nio-8081-exec-7] c.h.i.mapper.ItemMapper.selectBatchIds   : ==> Parameters: 8533120(Long), 100001511821(Long), 2120808(Long), 100001905417(Long)
22:29:51:930 DEBUG 32900 --- [http-nio-8081-exec-7] c.h.i.mapper.ItemMapper.selectBatchIds   : <==      Total: 4
22:29:51:931 DEBUG 32900 --- [http-nio-8081-exec-7] m.m.a.RequestResponseBodyMethodProcessor : Using 'application/json', given [*/*] and supported [application/json, application/*+json, application/json, application/*+json]
22:29:51:931 DEBUG 32900 --- [http-nio-8081-exec-7] m.m.a.RequestResponseBodyMethodProcessor : Writing [[ItemDTO(id=2120808, name=姬龙雪 guy laroche女包 GL经典手提包女牛皮大容量单肩包女欧美时尚包包女包GS1210001-06杏色, price=71800, st (truncated)...]
22:29:51:932 DEBUG 32900 --- [http-nio-8081-exec-7] o.s.web.servlet.DispatcherServlet        : Completed 200 OK
22:29:52:111 DEBUG 32900 --- [http-nio-8081-exec-8] o.s.web.servlet.DispatcherServlet        : GET "/items?ids=8533120&ids=100001511821&ids=2120808&ids=100001905417", parameters={masked}
22:29:52:112 DEBUG 32900 --- [http-nio-8081-exec-8] s.w.s.m.m.a.RequestMappingHandlerMapping : Mapped to com.heima.item.contoller.ItemController#queryItemByIds(List)
22:29:52:112 DEBUG 32900 --- [http-nio-8081-exec-8] c.h.i.mapper.ItemMapper.selectBatchIds   : ==>  Preparing: SELECT id,name,price,stock,image,category,brand,spec,sold,comment_count,isAD,status,create_time,update_time,creater,updater FROM item WHERE id IN ( ? , ? , ? , ? )
22:29:52:113 DEBUG 32900 --- [http-nio-8081-exec-8] c.h.i.mapper.ItemMapper.selectBatchIds   : ==> Parameters: 8533120(Long), 100001511821(Long), 2120808(Long), 100001905417(Long)
22:29:52:135 DEBUG 32900 --- [http-nio-8081-exec-8] c.h.i.mapper.ItemMapper.selectBatchIds   : <==      Total: 4
22:29:52:136 DEBUG 32900 --- [http-nio-8081-exec-8] m.m.a.RequestResponseBodyMethodProcessor : Using 'application/json', given [*/*] and supported [application/json, application/*+json, application/json, application/*+json]
22:29:52:137 DEBUG 32900 --- [http-nio-8081-exec-8] m.m.a.RequestResponseBodyMethodProcessor : Writing [[ItemDTO(id=2120808, name=姬龙雪 guy laroche女包 GL经典手提包女牛皮大容量单肩包女欧美时尚包包女包GS1210001-06杏色, price=71800, st (truncated)...]
22:29:52:137 DEBUG 32900 --- [http-nio-8081-exec-8] o.s.web.servlet.DispatcherServlet        : Completed 200 OK
22:29:52:139 DEBUG 32900 --- [http-nio-8081-exec-9] o.s.web.servlet.DispatcherServlet        : GET "/items?ids=8533120&ids=100001511821&ids=2120808&ids=100001905417", parameters={masked}
22:29:52:139 DEBUG 32900 --- [http-nio-8081-exec-9] s.w.s.m.m.a.RequestMappingHandlerMapping : Mapped to com.heima.item.contoller.ItemController#queryItemByIds(List)
22:29:52:140 DEBUG 32900 --- [http-nio-8081-exec-9] c.h.i.mapper.ItemMapper.selectBatchIds   : ==>  Preparing: SELECT id,name,price,stock,image,category,brand,spec,sold,comment_count,isAD,status,create_time,update_time,creater,updater FROM item WHERE id IN ( ? , ? , ? , ? )
22:29:52:140 DEBUG 32900 --- [http-nio-8081-exec-9] c.h.i.mapper.ItemMapper.selectBatchIds   : ==> Parameters: 8533120(Long), 100001511821(Long), 2120808(Long), 100001905417(Long)
22:29:52:163 DEBUG 32900 --- [http-nio-8081-exec-9] c.h.i.mapper.ItemMapper.selectBatchIds   : <==      Total: 4
22:29:52:163 DEBUG 32900 --- [http-nio-8081-exec-9] m.m.a.RequestResponseBodyMethodProcessor : Using 'application/json', given [*/*] and supported [application/json, application/*+json, application/json, application/*+json]
22:29:52:164 DEBUG 32900 --- [http-nio-8081-exec-9] m.m.a.RequestResponseBodyMethodProcessor : Writing [[ItemDTO(id=2120808, name=姬龙雪 guy laroche女包 GL经典手提包女牛皮大容量单肩包女欧美时尚包包女包GS1210001-06杏色, price=71800, st (truncated)...]
22:29:52:164 DEBUG 32900 --- [http-nio-8081-exec-9] o.s.web.servlet.DispatcherServlet        : Completed 200 OK
22:29:54:698 DEBUG 32900 --- [http-nio-8081-exec-10] o.s.web.servlet.DispatcherServlet        : GET "/items?ids=8533120&ids=100001511821&ids=2120808&ids=100001905417", parameters={masked}
22:29:54:699 DEBUG 32900 --- [http-nio-8081-exec-10] s.w.s.m.m.a.RequestMappingHandlerMapping : Mapped to com.heima.item.contoller.ItemController#queryItemByIds(List)
22:29:54:722 DEBUG 32900 --- [http-nio-8081-exec-10] c.h.i.mapper.ItemMapper.selectBatchIds   : ==>  Preparing: SELECT id,name,price,stock,image,category,brand,spec,sold,comment_count,isAD,status,create_time,update_time,creater,updater FROM item WHERE id IN ( ? , ? , ? , ? )
22:29:54:722 DEBUG 32900 --- [http-nio-8081-exec-10] c.h.i.mapper.ItemMapper.selectBatchIds   : ==> Parameters: 8533120(Long), 100001511821(Long), 2120808(Long), 100001905417(Long)
22:29:54:745 DEBUG 32900 --- [http-nio-8081-exec-10] c.h.i.mapper.ItemMapper.selectBatchIds   : <==      Total: 4
22:29:54:746 DEBUG 32900 --- [http-nio-8081-exec-10] m.m.a.RequestResponseBodyMethodProcessor : Using 'application/json', given [*/*] and supported [application/json, application/*+json, application/json, application/*+json]
22:29:54:746 DEBUG 32900 --- [http-nio-8081-exec-10] m.m.a.RequestResponseBodyMethodProcessor : Writing [[ItemDTO(id=2120808, name=姬龙雪 guy laroche女包 GL经典手提包女牛皮大容量单肩包女欧美时尚包包女包GS1210001-06杏色, price=71800, st (truncated)...]
22:29:54:747 DEBUG 32900 --- [http-nio-8081-exec-10] o.s.web.servlet.DispatcherServlet        : Completed 200 OK
22:29:58:350 DEBUG 32900 --- [http-nio-8081-exec-1] o.s.web.servlet.DispatcherServlet        : GET "/items?ids=8533120&ids=100001511821&ids=2120808&ids=100001905417", parameters={masked}
22:29:58:350 DEBUG 32900 --- [http-nio-8081-exec-1] s.w.s.m.m.a.RequestMappingHandlerMapping : Mapped to com.heima.item.contoller.ItemController#queryItemByIds(List)
22:29:58:374 DEBUG 32900 --- [http-nio-8081-exec-1] c.h.i.mapper.ItemMapper.selectBatchIds   : ==>  Preparing: SELECT id,name,price,stock,image,category,brand,spec,sold,comment_count,isAD,status,create_time,update_time,creater,updater FROM item WHERE id IN ( ? , ? , ? , ? )
22:29:58:374 DEBUG 32900 --- [http-nio-8081-exec-1] c.h.i.mapper.ItemMapper.selectBatchIds   : ==> Parameters: 8533120(Long), 100001511821(Long), 2120808(Long), 100001905417(Long)
22:29:58:397 DEBUG 32900 --- [http-nio-8081-exec-1] c.h.i.mapper.ItemMapper.selectBatchIds   : <==      Total: 4
22:29:58:398 DEBUG 32900 --- [http-nio-8081-exec-1] m.m.a.RequestResponseBodyMethodProcessor : Using 'application/json', given [*/*] and supported [application/json, application/*+json, application/json, application/*+json]
22:29:58:399 DEBUG 32900 --- [http-nio-8081-exec-1] m.m.a.RequestResponseBodyMethodProcessor : Writing [[ItemDTO(id=2120808, name=姬龙雪 guy laroche女包 GL经典手提包女牛皮大容量单肩包女欧美时尚包包女包GS1210001-06杏色, price=71800, st (truncated)...]
22:29:58:399 DEBUG 32900 --- [http-nio-8081-exec-1] o.s.web.servlet.DispatcherServlet        : Completed 200 OK
22:32:50:786 DEBUG 32900 --- [http-nio-8081-exec-4] o.s.web.servlet.DispatcherServlet        : GET "/items?ids=8533120&ids=100001511821&ids=2120808&ids=100001905417", parameters={masked}
22:32:50:786 DEBUG 32900 --- [http-nio-8081-exec-4] s.w.s.m.m.a.RequestMappingHandlerMapping : Mapped to com.heima.item.contoller.ItemController#queryItemByIds(List)
22:32:50:810 DEBUG 32900 --- [http-nio-8081-exec-4] c.h.i.mapper.ItemMapper.selectBatchIds   : ==>  Preparing: SELECT id,name,price,stock,image,category,brand,spec,sold,comment_count,isAD,status,create_time,update_time,creater,updater FROM item WHERE id IN ( ? , ? , ? , ? )
22:32:50:810 DEBUG 32900 --- [http-nio-8081-exec-4] c.h.i.mapper.ItemMapper.selectBatchIds   : ==> Parameters: 8533120(Long), 100001511821(Long), 2120808(Long), 100001905417(Long)
22:32:50:832 DEBUG 32900 --- [http-nio-8081-exec-4] c.h.i.mapper.ItemMapper.selectBatchIds   : <==      Total: 4
22:32:50:833 DEBUG 32900 --- [http-nio-8081-exec-4] m.m.a.RequestResponseBodyMethodProcessor : Using 'application/json', given [*/*] and supported [application/json, application/*+json, application/json, application/*+json]
22:32:50:833 DEBUG 32900 --- [http-nio-8081-exec-4] m.m.a.RequestResponseBodyMethodProcessor : Writing [[ItemDTO(id=2120808, name=姬龙雪 guy laroche女包 GL经典手提包女牛皮大容量单肩包女欧美时尚包包女包GS1210001-06杏色, price=71800, st (truncated)...]
22:32:50:834 DEBUG 32900 --- [http-nio-8081-exec-4] o.s.web.servlet.DispatcherServlet        : Completed 200 OK
22:35:09:498 DEBUG 32900 --- [http-nio-8081-exec-6] o.s.web.servlet.DispatcherServlet        : GET "/items?ids=8533120&ids=100001511821&ids=100001905417", parameters={masked}
22:35:09:498 DEBUG 32900 --- [http-nio-8081-exec-6] s.w.s.m.m.a.RequestMappingHandlerMapping : Mapped to com.heima.item.contoller.ItemController#queryItemByIds(List)
22:35:09:521 DEBUG 32900 --- [http-nio-8081-exec-6] c.h.i.mapper.ItemMapper.selectBatchIds   : ==>  Preparing: SELECT id,name,price,stock,image,category,brand,spec,sold,comment_count,isAD,status,create_time,update_time,creater,updater FROM item WHERE id IN ( ? , ? , ? )
22:35:09:521 DEBUG 32900 --- [http-nio-8081-exec-6] c.h.i.mapper.ItemMapper.selectBatchIds   : ==> Parameters: 8533120(Long), 100001511821(Long), 100001905417(Long)
22:35:09:550 DEBUG 32900 --- [http-nio-8081-exec-6] c.h.i.mapper.ItemMapper.selectBatchIds   : <==      Total: 3
22:35:09:551 DEBUG 32900 --- [http-nio-8081-exec-6] m.m.a.RequestResponseBodyMethodProcessor : Using 'application/json', given [*/*] and supported [application/json, application/*+json, application/json, application/*+json]
22:35:09:551 DEBUG 32900 --- [http-nio-8081-exec-6] m.m.a.RequestResponseBodyMethodProcessor : Writing [[ItemDTO(id=8533120, name=海尔 （Haier ）LQ65H31 65英寸 4K曲面人工智能全面屏超高清LED液晶电视, price=379500, stock=9987, i (truncated)...]
22:35:09:552 DEBUG 32900 --- [http-nio-8081-exec-6] o.s.web.servlet.DispatcherServlet        : Completed 200 OK
22:35:09:935 DEBUG 32900 --- [http-nio-8081-exec-7] o.s.web.servlet.DispatcherServlet        : PUT "/items/stock/deduct", parameters={}
22:35:09:935 DEBUG 32900 --- [http-nio-8081-exec-7] s.w.s.m.m.a.RequestMappingHandlerMapping : Mapped to com.heima.item.contoller.ItemController#deductStock(List)
22:35:09:936 DEBUG 32900 --- [http-nio-8081-exec-7] m.m.a.RequestResponseBodyMethodProcessor : Read "application/json;charset=UTF-8" to [[OrderDetailDTO(itemId=8533120, num=1), OrderDetailDTO(itemId=100001511821, num=1), OrderDetailDTO(i (truncated)...]
22:35:09:936  WARN 32900 --- [http-nio-8081-exec-7] c.h.item.service.impl.ItemServiceImpl    : SqlSession [org.apache.ibatis.session.defaults.DefaultSqlSession@7ae503d3] Transaction not enabled
22:35:09:936 DEBUG 32900 --- [http-nio-8081-exec-7] c.h.item.mapper.ItemMapper.updateStock   : ==>  Preparing: UPDATE item SET stock = stock - ? WHERE id = ?
22:35:09:936 DEBUG 32900 --- [http-nio-8081-exec-7] c.h.item.mapper.ItemMapper.updateStock   : ==> Parameters: 1(Integer), 8533120(Long)
22:35:09:936 DEBUG 32900 --- [http-nio-8081-exec-7] c.h.item.mapper.ItemMapper.updateStock   : ==> Parameters: 1(Integer), 100001511821(Long)
22:35:09:936 DEBUG 32900 --- [http-nio-8081-exec-7] c.h.item.mapper.ItemMapper.updateStock   : ==> Parameters: 1(Integer), 100001905417(Long)
22:35:10:040 DEBUG 32900 --- [http-nio-8081-exec-7] m.m.a.RequestResponseBodyMethodProcessor : Using 'application/json', given [*/*] and supported [application/json, application/*+json, application/json, application/*+json]
22:35:10:040 DEBUG 32900 --- [http-nio-8081-exec-7] m.m.a.RequestResponseBodyMethodProcessor : Nothing to write: null body
22:35:10:040 DEBUG 32900 --- [http-nio-8081-exec-7] o.s.web.servlet.DispatcherServlet        : Completed 200 OK
22:35:26:758 DEBUG 32900 --- [http-nio-8081-exec-8] o.s.web.servlet.DispatcherServlet        : GET "/items?ids=2120808", parameters={masked}
22:35:26:758 DEBUG 32900 --- [http-nio-8081-exec-8] s.w.s.m.m.a.RequestMappingHandlerMapping : Mapped to com.heima.item.contoller.ItemController#queryItemByIds(List)
22:35:26:781 DEBUG 32900 --- [http-nio-8081-exec-8] c.h.i.mapper.ItemMapper.selectBatchIds   : ==>  Preparing: SELECT id,name,price,stock,image,category,brand,spec,sold,comment_count,isAD,status,create_time,update_time,creater,updater FROM item WHERE id IN ( ? )
22:35:26:781 DEBUG 32900 --- [http-nio-8081-exec-8] c.h.i.mapper.ItemMapper.selectBatchIds   : ==> Parameters: 2120808(Long)
22:35:26:803 DEBUG 32900 --- [http-nio-8081-exec-8] c.h.i.mapper.ItemMapper.selectBatchIds   : <==      Total: 1
22:35:26:804 DEBUG 32900 --- [http-nio-8081-exec-8] m.m.a.RequestResponseBodyMethodProcessor : Using 'application/json', given [*/*] and supported [application/json, application/*+json, application/json, application/*+json]
22:35:26:804 DEBUG 32900 --- [http-nio-8081-exec-8] m.m.a.RequestResponseBodyMethodProcessor : Writing [[ItemDTO(id=2120808, name=姬龙雪 guy laroche女包 GL经典手提包女牛皮大容量单肩包女欧美时尚包包女包GS1210001-06杏色, price=71800, st (truncated)...]
22:35:26:805 DEBUG 32900 --- [http-nio-8081-exec-8] o.s.web.servlet.DispatcherServlet        : Completed 200 OK
22:35:31:602 DEBUG 32900 --- [http-nio-8081-exec-9] o.s.web.servlet.DispatcherServlet        : GET "/search/list?key=&pageNo=1&pageSize=20&sortBy=&isAsc=false", parameters={masked}
22:35:31:603 DEBUG 32900 --- [http-nio-8081-exec-9] s.w.s.m.m.a.RequestMappingHandlerMapping : Mapped to com.heima.item.contoller.SearchController#search(ItemPageQuery)
22:35:31:603  INFO 32900 --- [http-nio-8081-exec-9] c.heima.item.contoller.SearchController  : hello
22:35:31:628 DEBUG 32900 --- [http-nio-8081-exec-9] c.h.i.m.ItemMapper.selectList_mpCount    : ==>  Preparing: SELECT COUNT(*) AS total FROM item WHERE (status = ?)
22:35:31:629 DEBUG 32900 --- [http-nio-8081-exec-9] c.h.i.m.ItemMapper.selectList_mpCount    : ==> Parameters: 1(Integer)
22:35:31:683 DEBUG 32900 --- [http-nio-8081-exec-9] c.h.i.m.ItemMapper.selectList_mpCount    : <==      Total: 1
22:35:31:684 DEBUG 32900 --- [http-nio-8081-exec-9] c.h.item.mapper.ItemMapper.selectList    : ==>  Preparing: SELECT id, name, price, stock, image, category, brand, spec, sold, comment_count, isAD, status, create_time, update_time, creater, updater FROM item WHERE (status = ?) ORDER BY update_time DESC LIMIT ?
22:35:31:685 DEBUG 32900 --- [http-nio-8081-exec-9] c.h.item.mapper.ItemMapper.selectList    : ==> Parameters: 1(Integer), 20(Long)
22:35:31:709 DEBUG 32900 --- [http-nio-8081-exec-9] c.h.item.mapper.ItemMapper.selectList    : <==      Total: 20
22:35:31:711 DEBUG 32900 --- [http-nio-8081-exec-9] m.m.a.RequestResponseBodyMethodProcessor : Using 'application/json', given [application/json, text/plain, */*] and supported [application/json, application/*+json, application/json, application/*+json]
22:35:31:712 DEBUG 32900 --- [http-nio-8081-exec-9] m.m.a.RequestResponseBodyMethodProcessor : Writing [PageDTO(total=88475, pages=4424, list=[ItemDTO(id=100001905417, name=【千玺代言】华为新品 HUAWEI nova 4 极点全面屏手 (truncated)...]
22:35:31:713 DEBUG 32900 --- [http-nio-8081-exec-9] o.s.web.servlet.DispatcherServlet        : Completed 200 OK
22:35:33:577 DEBUG 32900 --- [http-nio-8081-exec-10] o.s.web.servlet.DispatcherServlet        : GET "/items?ids=8533120", parameters={masked}
22:35:33:578 DEBUG 32900 --- [http-nio-8081-exec-10] s.w.s.m.m.a.RequestMappingHandlerMapping : Mapped to com.heima.item.contoller.ItemController#queryItemByIds(List)
22:35:33:600 DEBUG 32900 --- [http-nio-8081-exec-10] c.h.i.mapper.ItemMapper.selectBatchIds   : ==>  Preparing: SELECT id,name,price,stock,image,category,brand,spec,sold,comment_count,isAD,status,create_time,update_time,creater,updater FROM item WHERE id IN ( ? )
22:35:33:601 DEBUG 32900 --- [http-nio-8081-exec-10] c.h.i.mapper.ItemMapper.selectBatchIds   : ==> Parameters: 8533120(Long)
22:35:33:626 DEBUG 32900 --- [http-nio-8081-exec-10] c.h.i.mapper.ItemMapper.selectBatchIds   : <==      Total: 1
22:35:33:627 DEBUG 32900 --- [http-nio-8081-exec-10] m.m.a.RequestResponseBodyMethodProcessor : Using 'application/json', given [*/*] and supported [application/json, application/*+json, application/json, application/*+json]
22:35:33:627 DEBUG 32900 --- [http-nio-8081-exec-10] m.m.a.RequestResponseBodyMethodProcessor : Writing [[ItemDTO(id=8533120, name=海尔 （Haier ）LQ65H31 65英寸 4K曲面人工智能全面屏超高清LED液晶电视, price=379500, stock=9986, i (truncated)...]
22:35:33:628 DEBUG 32900 --- [http-nio-8081-exec-10] o.s.web.servlet.DispatcherServlet        : Completed 200 OK
22:35:36:023 DEBUG 32900 --- [http-nio-8081-exec-1] o.s.web.servlet.DispatcherServlet        : GET "/items?ids=5706773&ids=8533120", parameters={masked}
22:35:36:024 DEBUG 32900 --- [http-nio-8081-exec-1] s.w.s.m.m.a.RequestMappingHandlerMapping : Mapped to com.heima.item.contoller.ItemController#queryItemByIds(List)
22:35:36:046 DEBUG 32900 --- [http-nio-8081-exec-1] c.h.i.mapper.ItemMapper.selectBatchIds   : ==>  Preparing: SELECT id,name,price,stock,image,category,brand,spec,sold,comment_count,isAD,status,create_time,update_time,creater,updater FROM item WHERE id IN ( ? , ? )
22:35:36:046 DEBUG 32900 --- [http-nio-8081-exec-1] c.h.i.mapper.ItemMapper.selectBatchIds   : ==> Parameters: 5706773(Long), 8533120(Long)
22:35:36:068 DEBUG 32900 --- [http-nio-8081-exec-1] c.h.i.mapper.ItemMapper.selectBatchIds   : <==      Total: 2
22:35:36:069 DEBUG 32900 --- [http-nio-8081-exec-1] m.m.a.RequestResponseBodyMethodProcessor : Using 'application/json', given [*/*] and supported [application/json, application/*+json, application/json, application/*+json]
22:35:36:069 DEBUG 32900 --- [http-nio-8081-exec-1] m.m.a.RequestResponseBodyMethodProcessor : Writing [[ItemDTO(id=5706773, name=华为 HUAWEI Mate 10 Pro 全面屏徕卡双摄游戏手机 6GB+128GB 银钻灰 全网通移动联通电信4G手机 双卡双待, price= (truncated)...]
22:35:36:070 DEBUG 32900 --- [http-nio-8081-exec-1] o.s.web.servlet.DispatcherServlet        : Completed 200 OK
22:35:40:408 DEBUG 32900 --- [http-nio-8081-exec-2] o.s.web.servlet.DispatcherServlet        : GET "/items?ids=5706773&ids=8533120", parameters={masked}
22:35:40:409 DEBUG 32900 --- [http-nio-8081-exec-2] s.w.s.m.m.a.RequestMappingHandlerMapping : Mapped to com.heima.item.contoller.ItemController#queryItemByIds(List)
22:35:40:432 DEBUG 32900 --- [http-nio-8081-exec-2] c.h.i.mapper.ItemMapper.selectBatchIds   : ==>  Preparing: SELECT id,name,price,stock,image,category,brand,spec,sold,comment_count,isAD,status,create_time,update_time,creater,updater FROM item WHERE id IN ( ? , ? )
22:35:40:432 DEBUG 32900 --- [http-nio-8081-exec-2] c.h.i.mapper.ItemMapper.selectBatchIds   : ==> Parameters: 5706773(Long), 8533120(Long)
22:35:40:456 DEBUG 32900 --- [http-nio-8081-exec-2] c.h.i.mapper.ItemMapper.selectBatchIds   : <==      Total: 2
22:35:40:457 DEBUG 32900 --- [http-nio-8081-exec-2] m.m.a.RequestResponseBodyMethodProcessor : Using 'application/json', given [*/*] and supported [application/json, application/*+json, application/json, application/*+json]
22:35:40:458 DEBUG 32900 --- [http-nio-8081-exec-2] m.m.a.RequestResponseBodyMethodProcessor : Writing [[ItemDTO(id=5706773, name=华为 HUAWEI Mate 10 Pro 全面屏徕卡双摄游戏手机 6GB+128GB 银钻灰 全网通移动联通电信4G手机 双卡双待, price= (truncated)...]
22:35:40:459 DEBUG 32900 --- [http-nio-8081-exec-2] o.s.web.servlet.DispatcherServlet        : Completed 200 OK
22:35:58:601 DEBUG 32900 --- [http-nio-8081-exec-3] o.s.web.servlet.DispatcherServlet        : GET "/items?ids=5706773&ids=8533120", parameters={masked}
22:35:58:602 DEBUG 32900 --- [http-nio-8081-exec-3] s.w.s.m.m.a.RequestMappingHandlerMapping : Mapped to com.heima.item.contoller.ItemController#queryItemByIds(List)
22:35:58:624 DEBUG 32900 --- [http-nio-8081-exec-3] c.h.i.mapper.ItemMapper.selectBatchIds   : ==>  Preparing: SELECT id,name,price,stock,image,category,brand,spec,sold,comment_count,isAD,status,create_time,update_time,creater,updater FROM item WHERE id IN ( ? , ? )
22:35:58:624 DEBUG 32900 --- [http-nio-8081-exec-3] c.h.i.mapper.ItemMapper.selectBatchIds   : ==> Parameters: 5706773(Long), 8533120(Long)
22:35:58:647 DEBUG 32900 --- [http-nio-8081-exec-3] c.h.i.mapper.ItemMapper.selectBatchIds   : <==      Total: 2
22:35:58:647 DEBUG 32900 --- [http-nio-8081-exec-3] m.m.a.RequestResponseBodyMethodProcessor : Using 'application/json', given [*/*] and supported [application/json, application/*+json, application/json, application/*+json]
22:35:58:647 DEBUG 32900 --- [http-nio-8081-exec-3] m.m.a.RequestResponseBodyMethodProcessor : Writing [[ItemDTO(id=5706773, name=华为 HUAWEI Mate 10 Pro 全面屏徕卡双摄游戏手机 6GB+128GB 银钻灰 全网通移动联通电信4G手机 双卡双待, price= (truncated)...]
22:35:58:648 DEBUG 32900 --- [http-nio-8081-exec-3] o.s.web.servlet.DispatcherServlet        : Completed 200 OK
22:36:05:022 DEBUG 32900 --- [http-nio-8081-exec-4] o.s.web.servlet.DispatcherServlet        : GET "/items?ids=5706773&ids=8533120", parameters={masked}
22:36:05:022 DEBUG 32900 --- [http-nio-8081-exec-4] s.w.s.m.m.a.RequestMappingHandlerMapping : Mapped to com.heima.item.contoller.ItemController#queryItemByIds(List)
22:36:05:045 DEBUG 32900 --- [http-nio-8081-exec-4] c.h.i.mapper.ItemMapper.selectBatchIds   : ==>  Preparing: SELECT id,name,price,stock,image,category,brand,spec,sold,comment_count,isAD,status,create_time,update_time,creater,updater FROM item WHERE id IN ( ? , ? )
22:36:05:045 DEBUG 32900 --- [http-nio-8081-exec-4] c.h.i.mapper.ItemMapper.selectBatchIds   : ==> Parameters: 5706773(Long), 8533120(Long)
22:36:05:068 DEBUG 32900 --- [http-nio-8081-exec-4] c.h.i.mapper.ItemMapper.selectBatchIds   : <==      Total: 2
22:36:05:068 DEBUG 32900 --- [http-nio-8081-exec-4] m.m.a.RequestResponseBodyMethodProcessor : Using 'application/json', given [*/*] and supported [application/json, application/*+json, application/json, application/*+json]
22:36:05:069 DEBUG 32900 --- [http-nio-8081-exec-4] m.m.a.RequestResponseBodyMethodProcessor : Writing [[ItemDTO(id=5706773, name=华为 HUAWEI Mate 10 Pro 全面屏徕卡双摄游戏手机 6GB+128GB 银钻灰 全网通移动联通电信4G手机 双卡双待, price= (truncated)...]
22:36:05:069 DEBUG 32900 --- [http-nio-8081-exec-4] o.s.web.servlet.DispatcherServlet        : Completed 200 OK
22:39:43:283 DEBUG 32900 --- [http-nio-8081-exec-8] o.s.web.servlet.DispatcherServlet        : GET "/items?ids=5706773&ids=8533120", parameters={masked}
22:39:43:283 DEBUG 32900 --- [http-nio-8081-exec-8] s.w.s.m.m.a.RequestMappingHandlerMapping : Mapped to com.heima.item.contoller.ItemController#queryItemByIds(List)
22:39:43:305 DEBUG 32900 --- [http-nio-8081-exec-8] c.h.i.mapper.ItemMapper.selectBatchIds   : ==>  Preparing: SELECT id,name,price,stock,image,category,brand,spec,sold,comment_count,isAD,status,create_time,update_time,creater,updater FROM item WHERE id IN ( ? , ? )
22:39:43:306 DEBUG 32900 --- [http-nio-8081-exec-8] c.h.i.mapper.ItemMapper.selectBatchIds   : ==> Parameters: 5706773(Long), 8533120(Long)
22:39:43:330 DEBUG 32900 --- [http-nio-8081-exec-8] c.h.i.mapper.ItemMapper.selectBatchIds   : <==      Total: 2
22:39:43:331 DEBUG 32900 --- [http-nio-8081-exec-8] m.m.a.RequestResponseBodyMethodProcessor : Using 'application/json', given [*/*] and supported [application/json, application/*+json, application/json, application/*+json]
22:39:43:331 DEBUG 32900 --- [http-nio-8081-exec-8] m.m.a.RequestResponseBodyMethodProcessor : Writing [[ItemDTO(id=5706773, name=华为 HUAWEI Mate 10 Pro 全面屏徕卡双摄游戏手机 6GB+128GB 银钻灰 全网通移动联通电信4G手机 双卡双待, price= (truncated)...]
22:39:43:332 DEBUG 32900 --- [http-nio-8081-exec-8] o.s.web.servlet.DispatcherServlet        : Completed 200 OK
22:40:50:706 DEBUG 32900 --- [http-nio-8081-exec-10] o.s.web.servlet.DispatcherServlet        : GET "/items?ids=5706773&ids=8533120&ids=100001905417", parameters={masked}
22:40:50:706 DEBUG 32900 --- [http-nio-8081-exec-10] s.w.s.m.m.a.RequestMappingHandlerMapping : Mapped to com.heima.item.contoller.ItemController#queryItemByIds(List)
22:40:50:728 DEBUG 32900 --- [http-nio-8081-exec-10] c.h.i.mapper.ItemMapper.selectBatchIds   : ==>  Preparing: SELECT id,name,price,stock,image,category,brand,spec,sold,comment_count,isAD,status,create_time,update_time,creater,updater FROM item WHERE id IN ( ? , ? , ? )
22:40:50:729 DEBUG 32900 --- [http-nio-8081-exec-10] c.h.i.mapper.ItemMapper.selectBatchIds   : ==> Parameters: 5706773(Long), 8533120(Long), 100001905417(Long)
22:40:50:753 DEBUG 32900 --- [http-nio-8081-exec-10] c.h.i.mapper.ItemMapper.selectBatchIds   : <==      Total: 3
22:40:50:754 DEBUG 32900 --- [http-nio-8081-exec-10] m.m.a.RequestResponseBodyMethodProcessor : Using 'application/json', given [*/*] and supported [application/json, application/*+json, application/json, application/*+json]
22:40:50:755 DEBUG 32900 --- [http-nio-8081-exec-10] m.m.a.RequestResponseBodyMethodProcessor : Writing [[ItemDTO(id=5706773, name=华为 HUAWEI Mate 10 Pro 全面屏徕卡双摄游戏手机 6GB+128GB 银钻灰 全网通移动联通电信4G手机 双卡双待, price= (truncated)...]
22:40:50:756 DEBUG 32900 --- [http-nio-8081-exec-10] o.s.web.servlet.DispatcherServlet        : Completed 200 OK
22:40:53:717 DEBUG 32900 --- [http-nio-8081-exec-1] o.s.web.servlet.DispatcherServlet        : GET "/items?ids=5706773&ids=8533120&ids=2120808&ids=100001905417", parameters={masked}
22:40:53:717 DEBUG 32900 --- [http-nio-8081-exec-1] s.w.s.m.m.a.RequestMappingHandlerMapping : Mapped to com.heima.item.contoller.ItemController#queryItemByIds(List)
22:40:53:740 DEBUG 32900 --- [http-nio-8081-exec-1] c.h.i.mapper.ItemMapper.selectBatchIds   : ==>  Preparing: SELECT id,name,price,stock,image,category,brand,spec,sold,comment_count,isAD,status,create_time,update_time,creater,updater FROM item WHERE id IN ( ? , ? , ? , ? )
22:40:53:740 DEBUG 32900 --- [http-nio-8081-exec-1] c.h.i.mapper.ItemMapper.selectBatchIds   : ==> Parameters: 5706773(Long), 8533120(Long), 2120808(Long), 100001905417(Long)
22:40:53:763 DEBUG 32900 --- [http-nio-8081-exec-1] c.h.i.mapper.ItemMapper.selectBatchIds   : <==      Total: 4
22:40:53:763 DEBUG 32900 --- [http-nio-8081-exec-1] m.m.a.RequestResponseBodyMethodProcessor : Using 'application/json', given [*/*] and supported [application/json, application/*+json, application/json, application/*+json]
22:40:53:764 DEBUG 32900 --- [http-nio-8081-exec-1] m.m.a.RequestResponseBodyMethodProcessor : Writing [[ItemDTO(id=2120808, name=姬龙雪 guy laroche女包 GL经典手提包女牛皮大容量单肩包女欧美时尚包包女包GS1210001-06杏色, price=71800, st (truncated)...]
22:40:53:765 DEBUG 32900 --- [http-nio-8081-exec-1] o.s.web.servlet.DispatcherServlet        : Completed 200 OK
22:40:57:077 DEBUG 32900 --- [http-nio-8081-exec-2] o.s.web.servlet.DispatcherServlet        : GET "/items?ids=1861102&ids=5706773&ids=8533120&ids=2120808&ids=100001905417", parameters={masked}
22:40:57:077 DEBUG 32900 --- [http-nio-8081-exec-2] s.w.s.m.m.a.RequestMappingHandlerMapping : Mapped to com.heima.item.contoller.ItemController#queryItemByIds(List)
22:40:57:099 DEBUG 32900 --- [http-nio-8081-exec-2] c.h.i.mapper.ItemMapper.selectBatchIds   : ==>  Preparing: SELECT id,name,price,stock,image,category,brand,spec,sold,comment_count,isAD,status,create_time,update_time,creater,updater FROM item WHERE id IN ( ? , ? , ? , ? , ? )
22:40:57:100 DEBUG 32900 --- [http-nio-8081-exec-2] c.h.i.mapper.ItemMapper.selectBatchIds   : ==> Parameters: 1861102(Long), 5706773(Long), 8533120(Long), 2120808(Long), 100001905417(Long)
22:40:57:122 DEBUG 32900 --- [http-nio-8081-exec-2] c.h.i.mapper.ItemMapper.selectBatchIds   : <==      Total: 5
22:40:57:123 DEBUG 32900 --- [http-nio-8081-exec-2] m.m.a.RequestResponseBodyMethodProcessor : Using 'application/json', given [*/*] and supported [application/json, application/*+json, application/json, application/*+json]
22:40:57:124 DEBUG 32900 --- [http-nio-8081-exec-2] m.m.a.RequestResponseBodyMethodProcessor : Writing [[ItemDTO(id=1861102, name=Apple iPhone 6s Plus (A1699) 128G 玫瑰金色 移动联通电信4G手机, price=632800, stock=100 (truncated)...]
22:40:57:124 DEBUG 32900 --- [http-nio-8081-exec-2] o.s.web.servlet.DispatcherServlet        : Completed 200 OK
22:41:07:090 DEBUG 32900 --- [http-nio-8081-exec-3] o.s.web.servlet.DispatcherServlet        : GET "/items?ids=1861102&ids=5706773&ids=8533120&ids=100001905417", parameters={masked}
22:41:07:090 DEBUG 32900 --- [http-nio-8081-exec-3] s.w.s.m.m.a.RequestMappingHandlerMapping : Mapped to com.heima.item.contoller.ItemController#queryItemByIds(List)
22:41:07:112 DEBUG 32900 --- [http-nio-8081-exec-3] c.h.i.mapper.ItemMapper.selectBatchIds   : ==>  Preparing: SELECT id,name,price,stock,image,category,brand,spec,sold,comment_count,isAD,status,create_time,update_time,creater,updater FROM item WHERE id IN ( ? , ? , ? , ? )
22:41:07:112 DEBUG 32900 --- [http-nio-8081-exec-3] c.h.i.mapper.ItemMapper.selectBatchIds   : ==> Parameters: 1861102(Long), 5706773(Long), 8533120(Long), 100001905417(Long)
22:41:07:135 DEBUG 32900 --- [http-nio-8081-exec-3] c.h.i.mapper.ItemMapper.selectBatchIds   : <==      Total: 4
22:41:07:136 DEBUG 32900 --- [http-nio-8081-exec-3] m.m.a.RequestResponseBodyMethodProcessor : Using 'application/json', given [*/*] and supported [application/json, application/*+json, application/json, application/*+json]
22:41:07:137 DEBUG 32900 --- [http-nio-8081-exec-3] m.m.a.RequestResponseBodyMethodProcessor : Writing [[ItemDTO(id=1861102, name=Apple iPhone 6s Plus (A1699) 128G 玫瑰金色 移动联通电信4G手机, price=632800, stock=100 (truncated)...]
22:41:07:137 DEBUG 32900 --- [http-nio-8081-exec-3] o.s.web.servlet.DispatcherServlet        : Completed 200 OK
22:41:07:471 DEBUG 32900 --- [http-nio-8081-exec-4] o.s.web.servlet.DispatcherServlet        : PUT "/items/stock/deduct", parameters={}
22:41:07:471 DEBUG 32900 --- [http-nio-8081-exec-4] s.w.s.m.m.a.RequestMappingHandlerMapping : Mapped to com.heima.item.contoller.ItemController#deductStock(List)
22:41:07:472 DEBUG 32900 --- [http-nio-8081-exec-4] m.m.a.RequestResponseBodyMethodProcessor : Read "application/json;charset=UTF-8" to [[OrderDetailDTO(itemId=1861102, num=1), OrderDetailDTO(itemId=5706773, num=1), OrderDetailDTO(itemId (truncated)...]
22:41:07:473  WARN 32900 --- [http-nio-8081-exec-4] c.h.item.service.impl.ItemServiceImpl    : SqlSession [org.apache.ibatis.session.defaults.DefaultSqlSession@236bf719] Transaction not enabled
22:41:07:473 DEBUG 32900 --- [http-nio-8081-exec-4] c.h.item.mapper.ItemMapper.updateStock   : ==>  Preparing: UPDATE item SET stock = stock - ? WHERE id = ?
22:41:07:473 DEBUG 32900 --- [http-nio-8081-exec-4] c.h.item.mapper.ItemMapper.updateStock   : ==> Parameters: 1(Integer), 1861102(Long)
22:41:07:473 DEBUG 32900 --- [http-nio-8081-exec-4] c.h.item.mapper.ItemMapper.updateStock   : ==> Parameters: 1(Integer), 5706773(Long)
22:41:07:474 DEBUG 32900 --- [http-nio-8081-exec-4] c.h.item.mapper.ItemMapper.updateStock   : ==> Parameters: 1(Integer), 8533120(Long)
22:41:07:474 DEBUG 32900 --- [http-nio-8081-exec-4] c.h.item.mapper.ItemMapper.updateStock   : ==> Parameters: 1(Integer), 100001905417(Long)
22:41:07:609 DEBUG 32900 --- [http-nio-8081-exec-4] m.m.a.RequestResponseBodyMethodProcessor : Using 'application/json', given [*/*] and supported [application/json, application/*+json, application/json, application/*+json]
22:41:07:610 DEBUG 32900 --- [http-nio-8081-exec-4] m.m.a.RequestResponseBodyMethodProcessor : Nothing to write: null body
22:41:07:610 DEBUG 32900 --- [http-nio-8081-exec-4] o.s.web.servlet.DispatcherServlet        : Completed 200 OK
22:41:21:273 DEBUG 32900 --- [http-nio-8081-exec-5] o.s.web.servlet.DispatcherServlet        : GET "/items?ids=2120808", parameters={masked}
22:41:21:273 DEBUG 32900 --- [http-nio-8081-exec-5] s.w.s.m.m.a.RequestMappingHandlerMapping : Mapped to com.heima.item.contoller.ItemController#queryItemByIds(List)
22:41:21:296 DEBUG 32900 --- [http-nio-8081-exec-5] c.h.i.mapper.ItemMapper.selectBatchIds   : ==>  Preparing: SELECT id,name,price,stock,image,category,brand,spec,sold,comment_count,isAD,status,create_time,update_time,creater,updater FROM item WHERE id IN ( ? )
22:41:21:296 DEBUG 32900 --- [http-nio-8081-exec-5] c.h.i.mapper.ItemMapper.selectBatchIds   : ==> Parameters: 2120808(Long)
22:41:21:319 DEBUG 32900 --- [http-nio-8081-exec-5] c.h.i.mapper.ItemMapper.selectBatchIds   : <==      Total: 1
22:41:21:320 DEBUG 32900 --- [http-nio-8081-exec-5] m.m.a.RequestResponseBodyMethodProcessor : Using 'application/json', given [*/*] and supported [application/json, application/*+json, application/json, application/*+json]
22:41:21:320 DEBUG 32900 --- [http-nio-8081-exec-5] m.m.a.RequestResponseBodyMethodProcessor : Writing [[ItemDTO(id=2120808, name=姬龙雪 guy laroche女包 GL经典手提包女牛皮大容量单肩包女欧美时尚包包女包GS1210001-06杏色, price=71800, st (truncated)...]
22:41:21:320 DEBUG 32900 --- [http-nio-8081-exec-5] o.s.web.servlet.DispatcherServlet        : Completed 200 OK
22:41:26:424 DEBUG 32900 --- [http-nio-8081-exec-6] o.s.web.servlet.DispatcherServlet        : GET "/search/list?key=&pageNo=1&pageSize=20&sortBy=&isAsc=false", parameters={masked}
22:41:26:424 DEBUG 32900 --- [http-nio-8081-exec-6] s.w.s.m.m.a.RequestMappingHandlerMapping : Mapped to com.heima.item.contoller.SearchController#search(ItemPageQuery)
22:41:26:426  INFO 32900 --- [http-nio-8081-exec-6] c.heima.item.contoller.SearchController  : hello
22:41:26:450 DEBUG 32900 --- [http-nio-8081-exec-6] c.h.i.m.ItemMapper.selectList_mpCount    : ==>  Preparing: SELECT COUNT(*) AS total FROM item WHERE (status = ?)
22:41:26:451 DEBUG 32900 --- [http-nio-8081-exec-6] c.h.i.m.ItemMapper.selectList_mpCount    : ==> Parameters: 1(Integer)
22:41:26:492 DEBUG 32900 --- [http-nio-8081-exec-6] c.h.i.m.ItemMapper.selectList_mpCount    : <==      Total: 1
22:41:26:494 DEBUG 32900 --- [http-nio-8081-exec-6] c.h.item.mapper.ItemMapper.selectList    : ==>  Preparing: SELECT id, name, price, stock, image, category, brand, spec, sold, comment_count, isAD, status, create_time, update_time, creater, updater FROM item WHERE (status = ?) ORDER BY update_time DESC LIMIT ?
22:41:26:494 DEBUG 32900 --- [http-nio-8081-exec-6] c.h.item.mapper.ItemMapper.selectList    : ==> Parameters: 1(Integer), 20(Long)
22:41:26:517 DEBUG 32900 --- [http-nio-8081-exec-6] c.h.item.mapper.ItemMapper.selectList    : <==      Total: 20
22:41:26:518 DEBUG 32900 --- [http-nio-8081-exec-6] m.m.a.RequestResponseBodyMethodProcessor : Using 'application/json', given [application/json, text/plain, */*] and supported [application/json, application/*+json, application/json, application/*+json]
22:41:26:519 DEBUG 32900 --- [http-nio-8081-exec-6] m.m.a.RequestResponseBodyMethodProcessor : Writing [PageDTO(total=88475, pages=4424, list=[ItemDTO(id=100001905417, name=【千玺代言】华为新品 HUAWEI nova 4 极点全面屏手 (truncated)...]
22:41:26:519 DEBUG 32900 --- [http-nio-8081-exec-6] o.s.web.servlet.DispatcherServlet        : Completed 200 OK
23:20:17:598  WARN 32900 --- [Thread-1] c.a.n.common.http.HttpClientBeanHolder   : [HttpClientBeanHolder] Start destroying common HttpClient
23:20:17:598  WARN 32900 --- [Thread-5] c.a.nacos.common.notify.NotifyCenter     : [NotifyCenter] Start destroying Publisher
23:20:17:598  WARN 32900 --- [Thread-5] c.a.nacos.common.notify.NotifyCenter     : [NotifyCenter] Destruction of the end
23:20:17:600  WARN 32900 --- [Thread-1] c.a.n.common.http.HttpClientBeanHolder   : [HttpClientBeanHolder] Destruction of the end
23:20:17:685  INFO 32900 --- [SpringApplicationShutdownHook] c.a.c.n.registry.NacosServiceRegistry    : De-registering from Nacos Server now...
23:20:17:709  INFO 32900 --- [SpringApplicationShutdownHook] c.a.c.n.registry.NacosServiceRegistry    : De-registration finished.
23:20:18:030  INFO 32900 --- [SpringApplicationShutdownHook] com.alibaba.nacos.common.remote.client   : Shutdown rpc client, set status to shutdown
23:20:18:030  INFO 32900 --- [SpringApplicationShutdownHook] com.alibaba.nacos.common.remote.client   : Shutdown client event executor java.util.concurrent.ScheduledThreadPoolExecutor@7743c256[Running, pool size = 2, active threads = 2, queued tasks = 0, completed tasks = 0]
23:20:18:030  INFO 32900 --- [SpringApplicationShutdownHook] com.alibaba.nacos.common.remote.client   : Close current connection 1727186736836_113.140.11.124_51677
23:20:18:040  INFO 32900 --- [SpringApplicationShutdownHook] c.a.n.c.remote.client.grpc.GrpcClient    : Shutdown grpc executor java.util.concurrent.ThreadPoolExecutor@77def9e3[Running, pool size = 4, active threads = 0, queued tasks = 0, completed tasks = 906]
23:20:18:046  INFO 32900 --- [SpringApplicationShutdownHook] com.zaxxer.hikari.HikariDataSource       : HikariPool-1 - Shutdown initiated...
23:20:18:288  INFO 32900 --- [SpringApplicationShutdownHook] com.zaxxer.hikari.HikariDataSource       : HikariPool-1 - Shutdown completed.
